ARM GAS  C:\Users\Julian\AppData\Local\Temp\cck3bnfG.s 			page 1


   1              		.cpu cortex-m0
   2              		.fpu softvfp
   3              		.eabi_attribute 20, 1
   4              		.eabi_attribute 21, 1
   5              		.eabi_attribute 23, 3
   6              		.eabi_attribute 24, 1
   7              		.eabi_attribute 25, 1
   8              		.eabi_attribute 26, 1
   9              		.eabi_attribute 30, 6
  10              		.eabi_attribute 34, 0
  11              		.eabi_attribute 18, 4
  12              		.code	16
  13              		.file	"app_LED.c"
  14              		.text
  15              	.Ltext0:
  16              		.cfi_sections	.debug_frame
  17              		.section	.text.HandleLeds,"ax",%progbits
  18              		.align	2
  19              		.global	HandleLeds
  20              		.code	16
  21              		.thumb_func
  22              		.type	HandleLeds, %function
  23              	HandleLeds:
  24              	.LFB37:
  25              		.file 1 "app_LED.c"
   1:app_LED.c     **** /*******************************************************************************
   2:app_LED.c     **** * File Name: app_LED.c
   3:app_LED.c     **** *
   4:app_LED.c     **** * Description:
   5:app_LED.c     **** *  Common BLE application code for client devices.
   6:app_LED.c     **** *
   7:app_LED.c     **** *******************************************************************************
   8:app_LED.c     **** * Copyright 2015, Cypress Semiconductor Corporation.  All rights reserved.
   9:app_LED.c     **** * You may use this file only in accordance with the license, terms, conditions,
  10:app_LED.c     **** * disclaimers, and limitations in the end user license agreement accompanying
  11:app_LED.c     **** * the software package with which this file was provided.
  12:app_LED.c     **** *******************************************************************************/
  13:app_LED.c     **** 
  14:app_LED.c     **** #include "app_LED.h"
  15:app_LED.c     **** 
  16:app_LED.c     **** /*******************************************************************************
  17:app_LED.c     **** * Function Name: HandleLeds
  18:app_LED.c     **** ********************************************************************************
  19:app_LED.c     **** *
  20:app_LED.c     **** * Summary:
  21:app_LED.c     **** *  This function handles the toggling of Scan and Connection LED. 
  22:app_LED.c     **** *
  23:app_LED.c     **** * Parameters:
  24:app_LED.c     **** *  None.
  25:app_LED.c     **** *
  26:app_LED.c     **** * Return:
  27:app_LED.c     **** *   None.
  28:app_LED.c     **** *
  29:app_LED.c     **** *******************************************************************************/
  30:app_LED.c     **** void HandleLeds(void)
  31:app_LED.c     **** {
  26              		.loc 1 31 0
ARM GAS  C:\Users\Julian\AppData\Local\Temp\cck3bnfG.s 			page 2


  27              		.cfi_startproc
  28 0000 80B5     		push	{r7, lr}
  29              		.cfi_def_cfa_offset 8
  30              		.cfi_offset 7, -8
  31              		.cfi_offset 14, -4
  32 0002 00AF     		add	r7, sp, #0
  33              		.cfi_def_cfa_register 7
  32:app_LED.c     ****     static uint8        ledState        = LED_OFF;
  33:app_LED.c     ****     static uint32       scanLedTimer    = SCAN_LED_TIMEOUT;   
  34:app_LED.c     ****     static uint32       connLedTimer    = CONN_LED_TIMEOUT;   
  35:app_LED.c     ****     
  36:app_LED.c     ****     switch (cyBle_state)
  34              		.loc 1 36 0
  35 0004 204B     		ldr	r3, .L7
  36 0006 1B78     		ldrb	r3, [r3]
  37 0008 022B     		cmp	r3, #2
  38 000a 1FD0     		beq	.L3
  39 000c 032B     		cmp	r3, #3
  40 000e 00D0     		beq	.L4
  37:app_LED.c     ****     {
  38:app_LED.c     ****         case CYBLE_STATE_SCANNING:
  39:app_LED.c     ****             
  40:app_LED.c     ****             Conn_LED_Write(LED_OFF);
  41:app_LED.c     ****             
  42:app_LED.c     ****             if(--scanLedTimer == 0u) 
  43:app_LED.c     ****             {
  44:app_LED.c     ****                 scanLedTimer = SCAN_LED_TIMEOUT;
  45:app_LED.c     ****                 ledState ^= LED_OFF;
  46:app_LED.c     ****                 
  47:app_LED.c     ****                 Scan_LED_Write(ledState);
  48:app_LED.c     ****             }
  49:app_LED.c     ****             
  50:app_LED.c     ****             break;
  51:app_LED.c     ****             
  52:app_LED.c     ****         case CYBLE_STATE_CONNECTED: 
  53:app_LED.c     ****             
  54:app_LED.c     ****             Scan_LED_Write(LED_OFF);
  55:app_LED.c     ****             
  56:app_LED.c     ****             if(--connLedTimer == 0u) 
  57:app_LED.c     ****             {
  58:app_LED.c     ****                 connLedTimer = CONN_LED_TIMEOUT;
  59:app_LED.c     ****                 ledState    ^= LED_OFF;
  60:app_LED.c     ****                 
  61:app_LED.c     ****                 Conn_LED_Write(ledState);
  62:app_LED.c     ****             }
  63:app_LED.c     ****             
  64:app_LED.c     ****         default:
  65:app_LED.c     ****             break;
  41              		.loc 1 65 0
  42 0010 38E0     		b	.L1
  43              	.L4:
  40:app_LED.c     ****             
  44              		.loc 1 40 0
  45 0012 0120     		mov	r0, #1
  46 0014 FFF7FEFF 		bl	Conn_LED_Write
  42:app_LED.c     ****             {
  47              		.loc 1 42 0
ARM GAS  C:\Users\Julian\AppData\Local\Temp\cck3bnfG.s 			page 3


  48 0018 1C4B     		ldr	r3, .L7+4
  49 001a 1B68     		ldr	r3, [r3]
  50 001c 5A1E     		sub	r2, r3, #1
  51 001e 1B4B     		ldr	r3, .L7+4
  52 0020 1A60     		str	r2, [r3]
  53 0022 1A4B     		ldr	r3, .L7+4
  54 0024 1B68     		ldr	r3, [r3]
  55 0026 002B     		cmp	r3, #0
  56 0028 0FD1     		bne	.L5
  44:app_LED.c     ****                 ledState ^= LED_OFF;
  57              		.loc 1 44 0
  58 002a 184B     		ldr	r3, .L7+4
  59 002c 0322     		mov	r2, #3
  60 002e 1A60     		str	r2, [r3]
  45:app_LED.c     ****                 
  61              		.loc 1 45 0
  62 0030 174B     		ldr	r3, .L7+8
  63 0032 1B78     		ldrb	r3, [r3]
  64 0034 0122     		mov	r2, #1
  65 0036 5340     		eor	r3, r2
  66 0038 DAB2     		uxtb	r2, r3
  67 003a 154B     		ldr	r3, .L7+8
  68 003c 1A70     		strb	r2, [r3]
  47:app_LED.c     ****             }
  69              		.loc 1 47 0
  70 003e 144B     		ldr	r3, .L7+8
  71 0040 1B78     		ldrb	r3, [r3]
  72 0042 181C     		mov	r0, r3
  73 0044 FFF7FEFF 		bl	Scan_LED_Write
  50:app_LED.c     ****             
  74              		.loc 1 50 0
  75 0048 1CE0     		b	.L1
  76              	.L5:
  77 004a 1BE0     		b	.L1
  78              	.L3:
  54:app_LED.c     ****             
  79              		.loc 1 54 0
  80 004c 0120     		mov	r0, #1
  81 004e FFF7FEFF 		bl	Scan_LED_Write
  56:app_LED.c     ****             {
  82              		.loc 1 56 0
  83 0052 104B     		ldr	r3, .L7+12
  84 0054 1B68     		ldr	r3, [r3]
  85 0056 5A1E     		sub	r2, r3, #1
  86 0058 0E4B     		ldr	r3, .L7+12
  87 005a 1A60     		str	r2, [r3]
  88 005c 0D4B     		ldr	r3, .L7+12
  89 005e 1B68     		ldr	r3, [r3]
  90 0060 002B     		cmp	r3, #0
  91 0062 0ED1     		bne	.L2
  58:app_LED.c     ****                 ledState    ^= LED_OFF;
  92              		.loc 1 58 0
  93 0064 0B4B     		ldr	r3, .L7+12
  94 0066 1E22     		mov	r2, #30
  95 0068 1A60     		str	r2, [r3]
  59:app_LED.c     ****                 
  96              		.loc 1 59 0
ARM GAS  C:\Users\Julian\AppData\Local\Temp\cck3bnfG.s 			page 4


  97 006a 094B     		ldr	r3, .L7+8
  98 006c 1B78     		ldrb	r3, [r3]
  99 006e 0122     		mov	r2, #1
 100 0070 5340     		eor	r3, r2
 101 0072 DAB2     		uxtb	r2, r3
 102 0074 064B     		ldr	r3, .L7+8
 103 0076 1A70     		strb	r2, [r3]
  61:app_LED.c     ****             }
 104              		.loc 1 61 0
 105 0078 054B     		ldr	r3, .L7+8
 106 007a 1B78     		ldrb	r3, [r3]
 107 007c 181C     		mov	r0, r3
 108 007e FFF7FEFF 		bl	Conn_LED_Write
 109              	.L2:
 110              		.loc 1 65 0
 111 0082 C046     		mov	r8, r8
 112              	.L1:
  66:app_LED.c     ****     }
  67:app_LED.c     **** }
 113              		.loc 1 67 0
 114 0084 BD46     		mov	sp, r7
 115              		@ sp needed
 116 0086 80BD     		pop	{r7, pc}
 117              	.L8:
 118              		.align	2
 119              	.L7:
 120 0088 00000000 		.word	cyBle_state
 121 008c 00000000 		.word	scanLedTimer.7216
 122 0090 04000000 		.word	ledState.7215
 123 0094 08000000 		.word	connLedTimer.7217
 124              		.cfi_endproc
 125              	.LFE37:
 126              		.size	HandleLeds, .-HandleLeds
 127              		.data
 128              		.align	2
 129              		.type	scanLedTimer.7216, %object
 130              		.size	scanLedTimer.7216, 4
 131              	scanLedTimer.7216:
 132 0000 03000000 		.word	3
 133              		.type	ledState.7215, %object
 134              		.size	ledState.7215, 1
 135              	ledState.7215:
 136 0004 01       		.byte	1
 137 0005 000000   		.align	2
 138              		.type	connLedTimer.7217, %object
 139              		.size	connLedTimer.7217, 4
 140              	connLedTimer.7217:
 141 0008 1E000000 		.word	30
 142              		.text
 143              	.Letext0:
 144              		.file 2 "Generated_Source\\PSoC4/cytypes.h"
 145              		.file 3 "Generated_Source\\PSoC4/BLE_eventHandler.h"
 146              		.section	.debug_info,"",%progbits
 147              	.Ldebug_info0:
 148 0000 2B010000 		.4byte	0x12b
 149 0004 0400     		.2byte	0x4
 150 0006 00000000 		.4byte	.Ldebug_abbrev0
ARM GAS  C:\Users\Julian\AppData\Local\Temp\cck3bnfG.s 			page 5


 151 000a 04       		.byte	0x4
 152 000b 01       		.uleb128 0x1
 153 000c E8000000 		.4byte	.LASF25
 154 0010 01       		.byte	0x1
 155 0011 0B020000 		.4byte	.LASF26
 156 0015 00000000 		.4byte	.LASF27
 157 0019 00000000 		.4byte	.Ldebug_ranges0+0
 158 001d 00000000 		.4byte	0
 159 0021 00000000 		.4byte	.Ldebug_line0
 160 0025 02       		.uleb128 0x2
 161 0026 01       		.byte	0x1
 162 0027 06       		.byte	0x6
 163 0028 34020000 		.4byte	.LASF0
 164 002c 02       		.uleb128 0x2
 165 002d 01       		.byte	0x1
 166 002e 08       		.byte	0x8
 167 002f A4000000 		.4byte	.LASF1
 168 0033 02       		.uleb128 0x2
 169 0034 02       		.byte	0x2
 170 0035 05       		.byte	0x5
 171 0036 DE000000 		.4byte	.LASF2
 172 003a 02       		.uleb128 0x2
 173 003b 02       		.byte	0x2
 174 003c 07       		.byte	0x7
 175 003d 74000000 		.4byte	.LASF3
 176 0041 02       		.uleb128 0x2
 177 0042 04       		.byte	0x4
 178 0043 05       		.byte	0x5
 179 0044 2B020000 		.4byte	.LASF4
 180 0048 02       		.uleb128 0x2
 181 0049 04       		.byte	0x4
 182 004a 07       		.byte	0x7
 183 004b B2000000 		.4byte	.LASF5
 184 004f 02       		.uleb128 0x2
 185 0050 08       		.byte	0x8
 186 0051 05       		.byte	0x5
 187 0052 E6010000 		.4byte	.LASF6
 188 0056 02       		.uleb128 0x2
 189 0057 08       		.byte	0x8
 190 0058 07       		.byte	0x7
 191 0059 8D000000 		.4byte	.LASF7
 192 005d 03       		.uleb128 0x3
 193 005e 04       		.byte	0x4
 194 005f 05       		.byte	0x5
 195 0060 696E7400 		.ascii	"int\000"
 196 0064 02       		.uleb128 0x2
 197 0065 04       		.byte	0x4
 198 0066 07       		.byte	0x7
 199 0067 7D010000 		.4byte	.LASF8
 200 006b 04       		.uleb128 0x4
 201 006c C4000000 		.4byte	.LASF9
 202 0070 02       		.byte	0x2
 203 0071 B901     		.2byte	0x1b9
 204 0073 2C000000 		.4byte	0x2c
 205 0077 04       		.uleb128 0x4
 206 0078 76010000 		.4byte	.LASF10
 207 007c 02       		.byte	0x2
ARM GAS  C:\Users\Julian\AppData\Local\Temp\cck3bnfG.s 			page 6


 208 007d BB01     		.2byte	0x1bb
 209 007f 48000000 		.4byte	0x48
 210 0083 02       		.uleb128 0x2
 211 0084 04       		.byte	0x4
 212 0085 04       		.byte	0x4
 213 0086 87000000 		.4byte	.LASF11
 214 008a 02       		.uleb128 0x2
 215 008b 08       		.byte	0x8
 216 008c 04       		.byte	0x4
 217 008d D7000000 		.4byte	.LASF12
 218 0091 02       		.uleb128 0x2
 219 0092 01       		.byte	0x1
 220 0093 08       		.byte	0x8
 221 0094 8A010000 		.4byte	.LASF13
 222 0098 02       		.uleb128 0x2
 223 0099 04       		.byte	0x4
 224 009a 07       		.byte	0x7
 225 009b C8010000 		.4byte	.LASF14
 226 009f 05       		.uleb128 0x5
 227 00a0 01       		.byte	0x1
 228 00a1 03       		.byte	0x3
 229 00a2 5008     		.2byte	0x850
 230 00a4 CD000000 		.4byte	0xcd
 231 00a8 06       		.uleb128 0x6
 232 00a9 9D010000 		.4byte	.LASF15
 233 00ad 00       		.sleb128 0
 234 00ae 06       		.uleb128 0x6
 235 00af 40020000 		.4byte	.LASF16
 236 00b3 01       		.sleb128 1
 237 00b4 06       		.uleb128 0x6
 238 00b5 15020000 		.4byte	.LASF17
 239 00b9 02       		.sleb128 2
 240 00ba 06       		.uleb128 0x6
 241 00bb D1010000 		.4byte	.LASF18
 242 00bf 03       		.sleb128 3
 243 00c0 06       		.uleb128 0x6
 244 00c1 F4010000 		.4byte	.LASF19
 245 00c5 04       		.sleb128 4
 246 00c6 06       		.uleb128 0x6
 247 00c7 52000000 		.4byte	.LASF20
 248 00cb 05       		.sleb128 5
 249 00cc 00       		.byte	0
 250 00cd 04       		.uleb128 0x4
 251 00ce 8F010000 		.4byte	.LASF21
 252 00d2 03       		.byte	0x3
 253 00d3 5E08     		.2byte	0x85e
 254 00d5 9F000000 		.4byte	0x9f
 255 00d9 07       		.uleb128 0x7
 256 00da BD010000 		.4byte	.LASF28
 257 00de 01       		.byte	0x1
 258 00df 1E       		.byte	0x1e
 259 00e0 00000000 		.4byte	.LFB37
 260 00e4 98000000 		.4byte	.LFE37-.LFB37
 261 00e8 01       		.uleb128 0x1
 262 00e9 9C       		.byte	0x9c
 263 00ea 22010000 		.4byte	0x122
 264 00ee 08       		.uleb128 0x8
ARM GAS  C:\Users\Julian\AppData\Local\Temp\cck3bnfG.s 			page 7


 265 00ef 6B000000 		.4byte	.LASF22
 266 00f3 01       		.byte	0x1
 267 00f4 20       		.byte	0x20
 268 00f5 6B000000 		.4byte	0x6b
 269 00f9 05       		.uleb128 0x5
 270 00fa 03       		.byte	0x3
 271 00fb 04000000 		.4byte	ledState.7215
 272 00ff 08       		.uleb128 0x8
 273 0100 CA000000 		.4byte	.LASF23
 274 0104 01       		.byte	0x1
 275 0105 21       		.byte	0x21
 276 0106 77000000 		.4byte	0x77
 277 010a 05       		.uleb128 0x5
 278 010b 03       		.byte	0x3
 279 010c 00000000 		.4byte	scanLedTimer.7216
 280 0110 08       		.uleb128 0x8
 281 0111 45000000 		.4byte	.LASF24
 282 0115 01       		.byte	0x1
 283 0116 22       		.byte	0x22
 284 0117 77000000 		.4byte	0x77
 285 011b 05       		.uleb128 0x5
 286 011c 03       		.byte	0x3
 287 011d 08000000 		.4byte	connLedTimer.7217
 288 0121 00       		.byte	0
 289 0122 09       		.uleb128 0x9
 290 0123 B1010000 		.4byte	.LASF29
 291 0127 03       		.byte	0x3
 292 0128 A90A     		.2byte	0xaa9
 293 012a CD000000 		.4byte	0xcd
 294 012e 00       		.byte	0
 295              		.section	.debug_abbrev,"",%progbits
 296              	.Ldebug_abbrev0:
 297 0000 01       		.uleb128 0x1
 298 0001 11       		.uleb128 0x11
 299 0002 01       		.byte	0x1
 300 0003 25       		.uleb128 0x25
 301 0004 0E       		.uleb128 0xe
 302 0005 13       		.uleb128 0x13
 303 0006 0B       		.uleb128 0xb
 304 0007 03       		.uleb128 0x3
 305 0008 0E       		.uleb128 0xe
 306 0009 1B       		.uleb128 0x1b
 307 000a 0E       		.uleb128 0xe
 308 000b 55       		.uleb128 0x55
 309 000c 17       		.uleb128 0x17
 310 000d 11       		.uleb128 0x11
 311 000e 01       		.uleb128 0x1
 312 000f 10       		.uleb128 0x10
 313 0010 17       		.uleb128 0x17
 314 0011 00       		.byte	0
 315 0012 00       		.byte	0
 316 0013 02       		.uleb128 0x2
 317 0014 24       		.uleb128 0x24
 318 0015 00       		.byte	0
 319 0016 0B       		.uleb128 0xb
 320 0017 0B       		.uleb128 0xb
 321 0018 3E       		.uleb128 0x3e
ARM GAS  C:\Users\Julian\AppData\Local\Temp\cck3bnfG.s 			page 8


 322 0019 0B       		.uleb128 0xb
 323 001a 03       		.uleb128 0x3
 324 001b 0E       		.uleb128 0xe
 325 001c 00       		.byte	0
 326 001d 00       		.byte	0
 327 001e 03       		.uleb128 0x3
 328 001f 24       		.uleb128 0x24
 329 0020 00       		.byte	0
 330 0021 0B       		.uleb128 0xb
 331 0022 0B       		.uleb128 0xb
 332 0023 3E       		.uleb128 0x3e
 333 0024 0B       		.uleb128 0xb
 334 0025 03       		.uleb128 0x3
 335 0026 08       		.uleb128 0x8
 336 0027 00       		.byte	0
 337 0028 00       		.byte	0
 338 0029 04       		.uleb128 0x4
 339 002a 16       		.uleb128 0x16
 340 002b 00       		.byte	0
 341 002c 03       		.uleb128 0x3
 342 002d 0E       		.uleb128 0xe
 343 002e 3A       		.uleb128 0x3a
 344 002f 0B       		.uleb128 0xb
 345 0030 3B       		.uleb128 0x3b
 346 0031 05       		.uleb128 0x5
 347 0032 49       		.uleb128 0x49
 348 0033 13       		.uleb128 0x13
 349 0034 00       		.byte	0
 350 0035 00       		.byte	0
 351 0036 05       		.uleb128 0x5
 352 0037 04       		.uleb128 0x4
 353 0038 01       		.byte	0x1
 354 0039 0B       		.uleb128 0xb
 355 003a 0B       		.uleb128 0xb
 356 003b 3A       		.uleb128 0x3a
 357 003c 0B       		.uleb128 0xb
 358 003d 3B       		.uleb128 0x3b
 359 003e 05       		.uleb128 0x5
 360 003f 01       		.uleb128 0x1
 361 0040 13       		.uleb128 0x13
 362 0041 00       		.byte	0
 363 0042 00       		.byte	0
 364 0043 06       		.uleb128 0x6
 365 0044 28       		.uleb128 0x28
 366 0045 00       		.byte	0
 367 0046 03       		.uleb128 0x3
 368 0047 0E       		.uleb128 0xe
 369 0048 1C       		.uleb128 0x1c
 370 0049 0D       		.uleb128 0xd
 371 004a 00       		.byte	0
 372 004b 00       		.byte	0
 373 004c 07       		.uleb128 0x7
 374 004d 2E       		.uleb128 0x2e
 375 004e 01       		.byte	0x1
 376 004f 3F       		.uleb128 0x3f
 377 0050 19       		.uleb128 0x19
 378 0051 03       		.uleb128 0x3
ARM GAS  C:\Users\Julian\AppData\Local\Temp\cck3bnfG.s 			page 9


 379 0052 0E       		.uleb128 0xe
 380 0053 3A       		.uleb128 0x3a
 381 0054 0B       		.uleb128 0xb
 382 0055 3B       		.uleb128 0x3b
 383 0056 0B       		.uleb128 0xb
 384 0057 27       		.uleb128 0x27
 385 0058 19       		.uleb128 0x19
 386 0059 11       		.uleb128 0x11
 387 005a 01       		.uleb128 0x1
 388 005b 12       		.uleb128 0x12
 389 005c 06       		.uleb128 0x6
 390 005d 40       		.uleb128 0x40
 391 005e 18       		.uleb128 0x18
 392 005f 9642     		.uleb128 0x2116
 393 0061 19       		.uleb128 0x19
 394 0062 01       		.uleb128 0x1
 395 0063 13       		.uleb128 0x13
 396 0064 00       		.byte	0
 397 0065 00       		.byte	0
 398 0066 08       		.uleb128 0x8
 399 0067 34       		.uleb128 0x34
 400 0068 00       		.byte	0
 401 0069 03       		.uleb128 0x3
 402 006a 0E       		.uleb128 0xe
 403 006b 3A       		.uleb128 0x3a
 404 006c 0B       		.uleb128 0xb
 405 006d 3B       		.uleb128 0x3b
 406 006e 0B       		.uleb128 0xb
 407 006f 49       		.uleb128 0x49
 408 0070 13       		.uleb128 0x13
 409 0071 02       		.uleb128 0x2
 410 0072 18       		.uleb128 0x18
 411 0073 00       		.byte	0
 412 0074 00       		.byte	0
 413 0075 09       		.uleb128 0x9
 414 0076 34       		.uleb128 0x34
 415 0077 00       		.byte	0
 416 0078 03       		.uleb128 0x3
 417 0079 0E       		.uleb128 0xe
 418 007a 3A       		.uleb128 0x3a
 419 007b 0B       		.uleb128 0xb
 420 007c 3B       		.uleb128 0x3b
 421 007d 05       		.uleb128 0x5
 422 007e 49       		.uleb128 0x49
 423 007f 13       		.uleb128 0x13
 424 0080 3F       		.uleb128 0x3f
 425 0081 19       		.uleb128 0x19
 426 0082 3C       		.uleb128 0x3c
 427 0083 19       		.uleb128 0x19
 428 0084 00       		.byte	0
 429 0085 00       		.byte	0
 430 0086 00       		.byte	0
 431              		.section	.debug_aranges,"",%progbits
 432 0000 1C000000 		.4byte	0x1c
 433 0004 0200     		.2byte	0x2
 434 0006 00000000 		.4byte	.Ldebug_info0
 435 000a 04       		.byte	0x4
ARM GAS  C:\Users\Julian\AppData\Local\Temp\cck3bnfG.s 			page 10


 436 000b 00       		.byte	0
 437 000c 0000     		.2byte	0
 438 000e 0000     		.2byte	0
 439 0010 00000000 		.4byte	.LFB37
 440 0014 98000000 		.4byte	.LFE37-.LFB37
 441 0018 00000000 		.4byte	0
 442 001c 00000000 		.4byte	0
 443              		.section	.debug_ranges,"",%progbits
 444              	.Ldebug_ranges0:
 445 0000 00000000 		.4byte	.LFB37
 446 0004 98000000 		.4byte	.LFE37
 447 0008 00000000 		.4byte	0
 448 000c 00000000 		.4byte	0
 449              		.section	.debug_line,"",%progbits
 450              	.Ldebug_line0:
 451 0000 82000000 		.section	.debug_str,"MS",%progbits,1
 451      02005A00 
 451      00000201 
 451      FB0E0D00 
 451      01010101 
 452              	.LASF27:
 453 0000 443A5C77 		.ascii	"D:\\work\\LoRa\\LoraMote1\\UART_to_BLE_central\\UAR"
 453      6F726B5C 
 453      4C6F5261 
 453      5C4C6F72 
 453      614D6F74 
 454 002e 545F746F 		.ascii	"T_to_BLE_central.cydsn\000"
 454      5F424C45 
 454      5F63656E 
 454      7472616C 
 454      2E637964 
 455              	.LASF24:
 456 0045 636F6E6E 		.ascii	"connLedTimer\000"
 456      4C656454 
 456      696D6572 
 456      00
 457              	.LASF20:
 458 0052 4359424C 		.ascii	"CYBLE_STATE_DISCONNECTED\000"
 458      455F5354 
 458      4154455F 
 458      44495343 
 458      4F4E4E45 
 459              	.LASF22:
 460 006b 6C656453 		.ascii	"ledState\000"
 460      74617465 
 460      00
 461              	.LASF3:
 462 0074 73686F72 		.ascii	"short unsigned int\000"
 462      7420756E 
 462      7369676E 
 462      65642069 
 462      6E7400
 463              	.LASF11:
 464 0087 666C6F61 		.ascii	"float\000"
 464      7400
 465              	.LASF7:
 466 008d 6C6F6E67 		.ascii	"long long unsigned int\000"
ARM GAS  C:\Users\Julian\AppData\Local\Temp\cck3bnfG.s 			page 11


 466      206C6F6E 
 466      6720756E 
 466      7369676E 
 466      65642069 
 467              	.LASF1:
 468 00a4 756E7369 		.ascii	"unsigned char\000"
 468      676E6564 
 468      20636861 
 468      7200
 469              	.LASF5:
 470 00b2 6C6F6E67 		.ascii	"long unsigned int\000"
 470      20756E73 
 470      69676E65 
 470      6420696E 
 470      7400
 471              	.LASF9:
 472 00c4 75696E74 		.ascii	"uint8\000"
 472      3800
 473              	.LASF23:
 474 00ca 7363616E 		.ascii	"scanLedTimer\000"
 474      4C656454 
 474      696D6572 
 474      00
 475              	.LASF12:
 476 00d7 646F7562 		.ascii	"double\000"
 476      6C6500
 477              	.LASF2:
 478 00de 73686F72 		.ascii	"short int\000"
 478      7420696E 
 478      7400
 479              	.LASF25:
 480 00e8 474E5520 		.ascii	"GNU C 4.9.3 20150303 (release) [ARM/embedded-4_9-br"
 480      4320342E 
 480      392E3320 
 480      32303135 
 480      30333033 
 481 011b 616E6368 		.ascii	"anch revision 221220] -mcpu=cortex-m0 -mthumb -g -O"
 481      20726576 
 481      6973696F 
 481      6E203232 
 481      31323230 
 482 014e 30202D66 		.ascii	"0 -ffunction-sections -ffat-lto-objects\000"
 482      66756E63 
 482      74696F6E 
 482      2D736563 
 482      74696F6E 
 483              	.LASF10:
 484 0176 75696E74 		.ascii	"uint32\000"
 484      333200
 485              	.LASF8:
 486 017d 756E7369 		.ascii	"unsigned int\000"
 486      676E6564 
 486      20696E74 
 486      00
 487              	.LASF13:
 488 018a 63686172 		.ascii	"char\000"
 488      00
ARM GAS  C:\Users\Julian\AppData\Local\Temp\cck3bnfG.s 			page 12


 489              	.LASF21:
 490 018f 4359424C 		.ascii	"CYBLE_STATE_T\000"
 490      455F5354 
 490      4154455F 
 490      5400
 491              	.LASF15:
 492 019d 4359424C 		.ascii	"CYBLE_STATE_STOPPED\000"
 492      455F5354 
 492      4154455F 
 492      53544F50 
 492      50454400 
 493              	.LASF29:
 494 01b1 6379426C 		.ascii	"cyBle_state\000"
 494      655F7374 
 494      61746500 
 495              	.LASF28:
 496 01bd 48616E64 		.ascii	"HandleLeds\000"
 496      6C654C65 
 496      647300
 497              	.LASF14:
 498 01c8 73697A65 		.ascii	"sizetype\000"
 498      74797065 
 498      00
 499              	.LASF18:
 500 01d1 4359424C 		.ascii	"CYBLE_STATE_SCANNING\000"
 500      455F5354 
 500      4154455F 
 500      5343414E 
 500      4E494E47 
 501              	.LASF6:
 502 01e6 6C6F6E67 		.ascii	"long long int\000"
 502      206C6F6E 
 502      6720696E 
 502      7400
 503              	.LASF19:
 504 01f4 4359424C 		.ascii	"CYBLE_STATE_CONNECTING\000"
 504      455F5354 
 504      4154455F 
 504      434F4E4E 
 504      45435449 
 505              	.LASF26:
 506 020b 6170705F 		.ascii	"app_LED.c\000"
 506      4C45442E 
 506      6300
 507              	.LASF17:
 508 0215 4359424C 		.ascii	"CYBLE_STATE_CONNECTED\000"
 508      455F5354 
 508      4154455F 
 508      434F4E4E 
 508      45435445 
 509              	.LASF4:
 510 022b 6C6F6E67 		.ascii	"long int\000"
 510      20696E74 
 510      00
 511              	.LASF0:
 512 0234 7369676E 		.ascii	"signed char\000"
 512      65642063 
ARM GAS  C:\Users\Julian\AppData\Local\Temp\cck3bnfG.s 			page 13


 512      68617200 
 513              	.LASF16:
 514 0240 4359424C 		.ascii	"CYBLE_STATE_INITIALIZING\000"
 514      455F5354 
 514      4154455F 
 514      494E4954 
 514      49414C49 
 515              		.ident	"GCC: (GNU Tools for ARM Embedded Processors) 4.9.3 20150303 (release) [ARM/embedded-4_9-br
