ARM GAS  C:\Users\Julian\AppData\Local\Temp\ccTyPpth.s 			page 1


   1              		.cpu cortex-m0
   2              		.fpu softvfp
   3              		.eabi_attribute 20, 1
   4              		.eabi_attribute 21, 1
   5              		.eabi_attribute 23, 3
   6              		.eabi_attribute 24, 1
   7              		.eabi_attribute 25, 1
   8              		.eabi_attribute 26, 1
   9              		.eabi_attribute 30, 6
  10              		.eabi_attribute 34, 0
  11              		.eabi_attribute 18, 4
  12              		.code	16
  13              		.file	"main.c"
  14              		.text
  15              	.Ltext0:
  16              		.cfi_sections	.debug_frame
  17              		.section	.rodata
  18              		.align	2
  19              	.LC1:
  20 0000 0A0D2A2A 		.ascii	"\012\015*******************************************"
  20      2A2A2A2A 
  20      2A2A2A2A 
  20      2A2A2A2A 
  20      2A2A2A2A 
  21 002d 2A2A2A2A 		.ascii	"*****************\000"
  21      2A2A2A2A 
  21      2A2A2A2A 
  21      2A2A2A2A 
  21      2A00
  22 003f 00       		.align	2
  23              	.LC3:
  24 0040 0A0D2A2A 		.ascii	"\012\015***************** BLE UART example project "
  24      2A2A2A2A 
  24      2A2A2A2A 
  24      2A2A2A2A 
  24      2A2A2A20 
  25 006d 2A2A2A2A 		.ascii	"*****************\000"
  25      2A2A2A2A 
  25      2A2A2A2A 
  25      2A2A2A2A 
  25      2A00
  26 007f 00       		.align	2
  27              	.LC5:
  28 0080 0A0D2A2A 		.ascii	"\012\015*******************************************"
  28      2A2A2A2A 
  28      2A2A2A2A 
  28      2A2A2A2A 
  28      2A2A2A2A 
  29 00ad 2A2A2A2A 		.ascii	"*****************\012\015\000"
  29      2A2A2A2A 
  29      2A2A2A2A 
  29      2A2A2A2A 
  29      2A0A0D00 
  30 00c1 000000   		.align	2
  31              	.LC7:
  32 00c4 0A0D4465 		.ascii	"\012\015Device role \011: CENTRAL\000"
  32      76696365 
ARM GAS  C:\Users\Julian\AppData\Local\Temp\ccTyPpth.s 			page 2


  32      20726F6C 
  32      6520093A 
  32      2043454E 
  33 00dd 000000   		.align	2
  34              	.LC9:
  35 00e0 0A0D4C6F 		.ascii	"\012\015Low Power Mode \011: ENABLED\000"
  35      7720506F 
  35      77657220 
  35      4D6F6465 
  35      20093A20 
  36              		.align	2
  37              	.LC11:
  38 00fc 0A0D466C 		.ascii	"\012\015Flow Control \011: ENABLED\000"
  38      6F772043 
  38      6F6E7472 
  38      6F6C2009 
  38      3A20454E 
  39 0116 0000     		.align	2
  40              	.LC13:
  41 0118 0A0D0909 		.ascii	"\012\015\011\011CyBle stack initilization FAILED!!!"
  41      4379426C 
  41      65207374 
  41      61636B20 
  41      696E6974 
  42 013f 200A0D20 		.ascii	" \012\015 \000"
  42      00
  43              		.section	.text.main,"ax",%progbits
  44              		.align	2
  45              		.global	main
  46              		.code	16
  47              		.thumb_func
  48              		.type	main, %function
  49              	main:
  50              	.LFB37:
  51              		.file 1 "main.c"
   1:main.c        **** /*******************************************************************************
   2:main.c        **** * File Name: main.c
   3:main.c        **** *
   4:main.c        **** * Version: 1.0
   5:main.c        **** *
   6:main.c        **** * Description:
   7:main.c        **** *  BLE example project that works as a BLE to UART bridge, using 
   8:main.c        **** *  Cypress's BLE component APIs and application layer callback. 
   9:main.c        **** *  This project demostrates a custom service usage for BLE to UART  
  10:main.c        **** *  bridge in a CENTRAL role.
  11:main.c        **** *
  12:main.c        **** * References:
  13:main.c        **** *  BLUETOOTH SPECIFICATION Version 4.1
  14:main.c        **** *
  15:main.c        **** * Hardware Dependency:
  16:main.c        **** *  (1) CY8CKIT-042 BLE
  17:main.c        **** *  (2) An external UART transciever (if flow control is enabled) 
  18:main.c        **** *
  19:main.c        **** ********************************************************************************
  20:main.c        **** * Copyright 2015, Cypress Semiconductor Corporation.  All rights reserved.
  21:main.c        **** * You may use this file only in accordance with the license, terms, conditions,
  22:main.c        **** * disclaimers, and limitations in the end user license agreement accompanying
ARM GAS  C:\Users\Julian\AppData\Local\Temp\ccTyPpth.s 			page 3


  23:main.c        **** * the software package with which this file was provided.
  24:main.c        **** *******************************************************************************/
  25:main.c        **** 
  26:main.c        **** #include "main.h"
  27:main.c        **** 
  28:main.c        **** int main()
  29:main.c        **** {
  52              		.loc 1 29 0
  53              		.cfi_startproc
  54 0000 90B5     		push	{r4, r7, lr}
  55              		.cfi_def_cfa_offset 12
  56              		.cfi_offset 4, -12
  57              		.cfi_offset 7, -8
  58              		.cfi_offset 14, -4
  59 0002 83B0     		sub	sp, sp, #12
  60              		.cfi_def_cfa_offset 24
  61 0004 00AF     		add	r7, sp, #0
  62              		.cfi_def_cfa_register 7
  30:main.c        ****     #ifdef LOW_POWER_MODE    
  31:main.c        ****         CYBLE_LP_MODE_T         lpMode;
  32:main.c        ****         CYBLE_BLESS_STATE_T     blessState;
  33:main.c        ****     #endif
  34:main.c        ****     
  35:main.c        ****     CYBLE_API_RESULT_T      bleApiResult;
  36:main.c        ****    
  37:main.c        ****     CyGlobalIntEnable; 
  63              		.loc 1 37 0
  64              	@ 37 "main.c" 1
  65 0006 62B6     		CPSIE   i
  66              	@ 0 "" 2
  38:main.c        ****     
  39:main.c        ****     /* Start UART and BLE component and display project information */
  40:main.c        ****     UART_Start();   
  67              		.loc 1 40 0
  68              		.code	16
  69 0008 FFF7FEFF 		bl	UART_Start
  41:main.c        ****     bleApiResult = CyBle_Start(AppCallBack); 
  70              		.loc 1 41 0
  71 000c BC1D     		add	r4, r7, #6
  72 000e 404B     		ldr	r3, .L15
  73 0010 181C     		mov	r0, r3
  74 0012 FFF7FEFF 		bl	CyBle_Start
  75 0016 031C     		mov	r3, r0
  76 0018 2380     		strh	r3, [r4]
  42:main.c        ****     
  43:main.c        ****     if(bleApiResult == CYBLE_ERROR_OK)
  77              		.loc 1 43 0
  78 001a BB1D     		add	r3, r7, #6
  79 001c 1B88     		ldrh	r3, [r3]
  80 001e 002B     		cmp	r3, #0
  81 0020 1AD1     		bne	.L2
  44:main.c        ****     {
  45:main.c        ****         #ifdef PRINT_MESSAGE_LOG
  46:main.c        ****             UART_UartPutString("\n\r************************************************************");
  82              		.loc 1 46 0
  83 0022 3C4B     		ldr	r3, .L15+4
  84 0024 181C     		mov	r0, r3
ARM GAS  C:\Users\Julian\AppData\Local\Temp\ccTyPpth.s 			page 4


  85 0026 FFF7FEFF 		bl	UART_UartPutString
  47:main.c        ****             UART_UartPutString("\n\r***************** BLE UART example project *****************");
  86              		.loc 1 47 0
  87 002a 3B4B     		ldr	r3, .L15+8
  88 002c 181C     		mov	r0, r3
  89 002e FFF7FEFF 		bl	UART_UartPutString
  48:main.c        ****             UART_UartPutString("\n\r************************************************************\n\
  90              		.loc 1 48 0
  91 0032 3A4B     		ldr	r3, .L15+12
  92 0034 181C     		mov	r0, r3
  93 0036 FFF7FEFF 		bl	UART_UartPutString
  49:main.c        ****             UART_UartPutString("\n\rDevice role \t: CENTRAL");
  94              		.loc 1 49 0
  95 003a 394B     		ldr	r3, .L15+16
  96 003c 181C     		mov	r0, r3
  97 003e FFF7FEFF 		bl	UART_UartPutString
  50:main.c        ****             
  51:main.c        ****             #ifdef LOW_POWER_MODE
  52:main.c        ****                 UART_UartPutString("\n\rLow Power Mode \t: ENABLED");
  98              		.loc 1 52 0
  99 0042 384B     		ldr	r3, .L15+20
 100 0044 181C     		mov	r0, r3
 101 0046 FFF7FEFF 		bl	UART_UartPutString
  53:main.c        ****             #else
  54:main.c        ****                 UART_UartPutString("\n\rLow Power Mode \t: DISABLED");
  55:main.c        ****             #endif
  56:main.c        ****             
  57:main.c        ****             #ifdef FLOW_CONTROL
  58:main.c        ****                 UART_UartPutString("\n\rFlow Control \t: ENABLED");  
 102              		.loc 1 58 0
 103 004a 374B     		ldr	r3, .L15+24
 104 004c 181C     		mov	r0, r3
 105 004e FFF7FEFF 		bl	UART_UartPutString
  59:main.c        ****             #else
  60:main.c        ****                 UART_UartPutString("\n\rFlow Control \t: DISABLED");
  61:main.c        ****             #endif
  62:main.c        ****             
  63:main.c        ****         #endif
  64:main.c        ****     }
  65:main.c        ****     else
  66:main.c        ****     {
  67:main.c        ****         #ifdef PRINT_MESSAGE_LOG   
  68:main.c        ****             UART_UartPutString("\n\r\t\tCyBle stack initilization FAILED!!! \n\r ");
  69:main.c        ****         #endif
  70:main.c        ****         
  71:main.c        ****         /* Enter infinite loop */
  72:main.c        ****         while(1);
  73:main.c        ****     }
  74:main.c        ****     
  75:main.c        ****     CyBle_ProcessEvents();
 106              		.loc 1 75 0
 107 0052 FFF7FEFF 		bl	CyBle_ProcessEvents
 108 0056 04E0     		b	.L14
 109              	.L2:
  68:main.c        ****         #endif
 110              		.loc 1 68 0
 111 0058 344B     		ldr	r3, .L15+28
ARM GAS  C:\Users\Julian\AppData\Local\Temp\ccTyPpth.s 			page 5


 112 005a 181C     		mov	r0, r3
 113 005c FFF7FEFF 		bl	UART_UartPutString
 114              	.L4:
  72:main.c        ****     }
 115              		.loc 1 72 0 discriminator 1
 116 0060 FEE7     		b	.L4
 117              	.L14:
  76:main.c        ****     
  77:main.c        ****     /***************************************************************************
  78:main.c        ****     * Main polling loop
  79:main.c        ****     ***************************************************************************/
  80:main.c        ****     while(1)
  81:main.c        ****     {               
  82:main.c        ****         #ifdef LOW_POWER_MODE
  83:main.c        ****             
  84:main.c        ****             if((CyBle_GetState() != CYBLE_STATE_INITIALIZING) && (CyBle_GetState() != CYBLE_STATE_D
 118              		.loc 1 84 0
 119 0062 334B     		ldr	r3, .L15+32
 120 0064 1B78     		ldrb	r3, [r3]
 121 0066 012B     		cmp	r3, #1
 122 0068 4DD0     		beq	.L5
 123              		.loc 1 84 0 is_stmt 0 discriminator 1
 124 006a 314B     		ldr	r3, .L15+32
 125 006c 1B78     		ldrb	r3, [r3]
 126 006e 052B     		cmp	r3, #5
 127 0070 49D0     		beq	.L5
  85:main.c        ****             {
  86:main.c        ****                 /* Enter DeepSleep mode between connection intervals */
  87:main.c        ****                 
  88:main.c        ****                 lpMode = CyBle_EnterLPM(CYBLE_BLESS_DEEPSLEEP);
 128              		.loc 1 88 0 is_stmt 1
 129 0072 7C1D     		add	r4, r7, #5
 130 0074 0320     		mov	r0, #3
 131 0076 FFF7FEFF 		bl	CyBle_EnterLPM
 132 007a 031C     		mov	r3, r0
 133 007c 2370     		strb	r3, [r4]
  89:main.c        ****                 CyGlobalIntDisable;
 134              		.loc 1 89 0
 135              	@ 89 "main.c" 1
 136 007e 72B6     		CPSID   i
 137              	@ 0 "" 2
  90:main.c        ****                 blessState = CyBle_GetBleSsState();
 138              		.loc 1 90 0
 139              		.code	16
 140 0080 3C1D     		add	r4, r7, #4
 141 0082 FFF7FEFF 		bl	CyBle_GetBleSsState
 142 0086 031C     		mov	r3, r0
 143 0088 2370     		strb	r3, [r4]
  91:main.c        **** 
  92:main.c        ****                 if(lpMode == CYBLE_BLESS_DEEPSLEEP) 
 144              		.loc 1 92 0
 145 008a 7B1D     		add	r3, r7, #5
 146 008c 1B78     		ldrb	r3, [r3]
 147 008e 032B     		cmp	r3, #3
 148 0090 1DD1     		bne	.L6
  93:main.c        ****                 {   
  94:main.c        ****                     if((blessState == CYBLE_BLESS_STATE_ECO_ON || blessState == CYBLE_BLESS_STATE_D
ARM GAS  C:\Users\Julian\AppData\Local\Temp\ccTyPpth.s 			page 6


 149              		.loc 1 94 0
 150 0092 3B1D     		add	r3, r7, #4
 151 0094 1B78     		ldrb	r3, [r3]
 152 0096 042B     		cmp	r3, #4
 153 0098 03D0     		beq	.L7
 154              		.loc 1 94 0 is_stmt 0 discriminator 1
 155 009a 3B1D     		add	r3, r7, #4
 156 009c 1B78     		ldrb	r3, [r3]
 157 009e 062B     		cmp	r3, #6
 158 00a0 2ED1     		bne	.L11
 159              	.L7:
  95:main.c        ****                             (UART_SpiUartGetTxBufferSize() + UART_GET_TX_FIFO_SR_VALID) == 0u)
 160              		.loc 1 95 0 is_stmt 1
 161 00a2 FFF7FEFF 		bl	UART_SpiUartGetTxBufferSize
 162 00a6 011C     		mov	r1, r0
 163 00a8 224B     		ldr	r3, .L15+36
 164 00aa 1A68     		ldr	r2, [r3]
 165 00ac 8023     		mov	r3, #128
 166 00ae 1B02     		lsl	r3, r3, #8
 167 00b0 1340     		and	r3, r2
 168 00b2 01D0     		beq	.L9
 169              		.loc 1 95 0 is_stmt 0 discriminator 1
 170 00b4 0123     		mov	r3, #1
 171 00b6 00E0     		b	.L10
 172              	.L9:
 173              		.loc 1 95 0 discriminator 2
 174 00b8 0023     		mov	r3, #0
 175              	.L10:
 176              		.loc 1 95 0 discriminator 4
 177 00ba CB18     		add	r3, r1, r3
  94:main.c        ****                             (UART_SpiUartGetTxBufferSize() + UART_GET_TX_FIFO_SR_VALID) == 0u)
 178              		.loc 1 94 0 is_stmt 1 discriminator 4
 179 00bc 002B     		cmp	r3, #0
 180 00be 1FD1     		bne	.L11
  96:main.c        ****                     {
  97:main.c        ****                         #ifdef FLOW_CONTROL
  98:main.c        ****                         EnableUartRxInt();
 181              		.loc 1 98 0
 182 00c0 FFF7FEFF 		bl	EnableUartRxInt
  99:main.c        ****                         #endif
 100:main.c        ****                         
 101:main.c        ****                         CySysPmSleep();
 183              		.loc 1 101 0
 184 00c4 FFF7FEFF 		bl	CySysPmSleep
 102:main.c        ****                         
 103:main.c        ****                         #ifdef FLOW_CONTROL
 104:main.c        ****                         DisableUartRxInt();
 185              		.loc 1 104 0
 186 00c8 FFF7FEFF 		bl	DisableUartRxInt
 187 00cc 18E0     		b	.L11
 188              	.L6:
 105:main.c        ****                         #endif
 106:main.c        ****                     }
 107:main.c        ****                 }
 108:main.c        ****                 else
 109:main.c        ****                 {
 110:main.c        ****                     if((blessState != CYBLE_BLESS_STATE_EVENT_CLOSE) && \
ARM GAS  C:\Users\Julian\AppData\Local\Temp\ccTyPpth.s 			page 7


 189              		.loc 1 110 0
 190 00ce 3B1D     		add	r3, r7, #4
 191 00d0 1B78     		ldrb	r3, [r3]
 192 00d2 022B     		cmp	r3, #2
 193 00d4 14D0     		beq	.L11
 111:main.c        ****                             (UART_SpiUartGetTxBufferSize() + UART_GET_TX_FIFO_SR_VALID) == 0u)
 194              		.loc 1 111 0
 195 00d6 FFF7FEFF 		bl	UART_SpiUartGetTxBufferSize
 196 00da 011C     		mov	r1, r0
 197 00dc 154B     		ldr	r3, .L15+36
 198 00de 1A68     		ldr	r2, [r3]
 199 00e0 8023     		mov	r3, #128
 200 00e2 1B02     		lsl	r3, r3, #8
 201 00e4 1340     		and	r3, r2
 202 00e6 01D0     		beq	.L12
 203              		.loc 1 111 0 is_stmt 0 discriminator 1
 204 00e8 0123     		mov	r3, #1
 205 00ea 00E0     		b	.L13
 206              	.L12:
 207              		.loc 1 111 0 discriminator 2
 208 00ec 0023     		mov	r3, #0
 209              	.L13:
 210              		.loc 1 111 0 discriminator 4
 211 00ee CB18     		add	r3, r1, r3
 110:main.c        ****                             (UART_SpiUartGetTxBufferSize() + UART_GET_TX_FIFO_SR_VALID) == 0u)
 212              		.loc 1 110 0 is_stmt 1 discriminator 4
 213 00f0 002B     		cmp	r3, #0
 214 00f2 05D1     		bne	.L11
 112:main.c        ****                     {
 113:main.c        ****                         #ifdef FLOW_CONTROL
 114:main.c        ****                         EnableUartRxInt();
 215              		.loc 1 114 0
 216 00f4 FFF7FEFF 		bl	EnableUartRxInt
 115:main.c        ****                         #endif
 116:main.c        ****                         
 117:main.c        ****                         CySysPmSleep();
 217              		.loc 1 117 0
 218 00f8 FFF7FEFF 		bl	CySysPmSleep
 118:main.c        ****                         
 119:main.c        ****                         #ifdef FLOW_CONTROL
 120:main.c        ****                         DisableUartRxInt();
 219              		.loc 1 120 0
 220 00fc FFF7FEFF 		bl	DisableUartRxInt
 221              	.L11:
 121:main.c        ****                         #endif
 122:main.c        ****                     }
 123:main.c        ****                 }
 124:main.c        ****                 CyGlobalIntEnable;
 222              		.loc 1 124 0
 223              	@ 124 "main.c" 1
 224 0100 62B6     		CPSIE   i
 225              	@ 0 "" 2
 125:main.c        ****                 
 126:main.c        ****                 /* Handle advertising led blinking */
 127:main.c        ****                 HandleLeds();
 226              		.loc 1 127 0
 227              		.code	16
ARM GAS  C:\Users\Julian\AppData\Local\Temp\ccTyPpth.s 			page 8


 228 0102 FFF7FEFF 		bl	HandleLeds
 229              	.L5:
 128:main.c        ****             }
 129:main.c        ****             
 130:main.c        ****         #else
 131:main.c        ****             HandleLeds();
 132:main.c        ****         #endif
 133:main.c        ****         
 134:main.c        ****         /*******************************************************************
 135:main.c        ****         *  Process all pending BLE events in the stack
 136:main.c        ****         *******************************************************************/      
 137:main.c        ****         HandleBleProcessing();
 230              		.loc 1 137 0
 231 0106 FFF7FEFF 		bl	HandleBleProcessing
 138:main.c        ****         CyBle_ProcessEvents();
 232              		.loc 1 138 0
 233 010a FFF7FEFF 		bl	CyBle_ProcessEvents
 139:main.c        ****     }
 234              		.loc 1 139 0
 235 010e A8E7     		b	.L14
 236              	.L16:
 237              		.align	2
 238              	.L15:
 239 0110 00000000 		.word	AppCallBack
 240 0114 00000000 		.word	.LC1
 241 0118 40000000 		.word	.LC3
 242 011c 80000000 		.word	.LC5
 243 0120 C4000000 		.word	.LC7
 244 0124 E0000000 		.word	.LC9
 245 0128 FC000000 		.word	.LC11
 246 012c 18010000 		.word	.LC13
 247 0130 00000000 		.word	cyBle_state
 248 0134 08022440 		.word	1076101640
 249              		.cfi_endproc
 250              	.LFE37:
 251              		.size	main, .-main
 252              		.text
 253              	.Letext0:
 254              		.file 2 "Generated_Source\\PSoC4/cytypes.h"
 255              		.file 3 "Generated_Source\\PSoC4/BLE_Stack.h"
 256              		.file 4 "Generated_Source\\PSoC4/BLE_eventHandler.h"
 257              		.section	.debug_info,"",%progbits
 258              	.Ldebug_info0:
 259 0000 8A020000 		.4byte	0x28a
 260 0004 0400     		.2byte	0x4
 261 0006 00000000 		.4byte	.Ldebug_abbrev0
 262 000a 04       		.byte	0x4
 263 000b 01       		.uleb128 0x1
 264 000c AA040000 		.4byte	.LASF74
 265 0010 01       		.byte	0x1
 266 0011 DC050000 		.4byte	.LASF75
 267 0015 9E000000 		.4byte	.LASF76
 268 0019 00000000 		.4byte	.Ldebug_ranges0+0
 269 001d 00000000 		.4byte	0
 270 0021 00000000 		.4byte	.Ldebug_line0
 271 0025 02       		.uleb128 0x2
 272 0026 01       		.byte	0x1
ARM GAS  C:\Users\Julian\AppData\Local\Temp\ccTyPpth.s 			page 9


 273 0027 06       		.byte	0x6
 274 0028 9F030000 		.4byte	.LASF0
 275 002c 02       		.uleb128 0x2
 276 002d 01       		.byte	0x1
 277 002e 08       		.byte	0x8
 278 002f 65030000 		.4byte	.LASF1
 279 0033 02       		.uleb128 0x2
 280 0034 02       		.byte	0x2
 281 0035 05       		.byte	0x5
 282 0036 07010000 		.4byte	.LASF2
 283 003a 02       		.uleb128 0x2
 284 003b 02       		.byte	0x2
 285 003c 07       		.byte	0x7
 286 003d 54050000 		.4byte	.LASF3
 287 0041 02       		.uleb128 0x2
 288 0042 04       		.byte	0x4
 289 0043 05       		.byte	0x5
 290 0044 E3020000 		.4byte	.LASF4
 291 0048 02       		.uleb128 0x2
 292 0049 04       		.byte	0x4
 293 004a 07       		.byte	0x7
 294 004b E3050000 		.4byte	.LASF5
 295 004f 02       		.uleb128 0x2
 296 0050 08       		.byte	0x8
 297 0051 05       		.byte	0x5
 298 0052 B5020000 		.4byte	.LASF6
 299 0056 02       		.uleb128 0x2
 300 0057 08       		.byte	0x8
 301 0058 07       		.byte	0x7
 302 0059 AB030000 		.4byte	.LASF7
 303 005d 03       		.uleb128 0x3
 304 005e 04       		.byte	0x4
 305 005f 05       		.byte	0x5
 306 0060 696E7400 		.ascii	"int\000"
 307 0064 02       		.uleb128 0x2
 308 0065 04       		.byte	0x4
 309 0066 07       		.byte	0x7
 310 0067 EE030000 		.4byte	.LASF8
 311 006b 04       		.uleb128 0x4
 312 006c D5050000 		.4byte	.LASF12
 313 0070 02       		.byte	0x2
 314 0071 BB01     		.2byte	0x1bb
 315 0073 48000000 		.4byte	0x48
 316 0077 02       		.uleb128 0x2
 317 0078 04       		.byte	0x4
 318 0079 04       		.byte	0x4
 319 007a 9A020000 		.4byte	.LASF9
 320 007e 02       		.uleb128 0x2
 321 007f 08       		.byte	0x8
 322 0080 04       		.byte	0x4
 323 0081 F5050000 		.4byte	.LASF10
 324 0085 02       		.uleb128 0x2
 325 0086 01       		.byte	0x1
 326 0087 08       		.byte	0x8
 327 0088 8E040000 		.4byte	.LASF11
 328 008c 04       		.uleb128 0x4
 329 008d 78070000 		.4byte	.LASF13
ARM GAS  C:\Users\Julian\AppData\Local\Temp\ccTyPpth.s 			page 10


 330 0091 02       		.byte	0x2
 331 0092 6502     		.2byte	0x265
 332 0094 98000000 		.4byte	0x98
 333 0098 05       		.uleb128 0x5
 334 0099 6B000000 		.4byte	0x6b
 335 009d 02       		.uleb128 0x2
 336 009e 04       		.byte	0x4
 337 009f 07       		.byte	0x7
 338 00a0 11010000 		.4byte	.LASF14
 339 00a4 06       		.uleb128 0x6
 340 00a5 02       		.byte	0x2
 341 00a6 03       		.byte	0x3
 342 00a7 0204     		.2byte	0x402
 343 00a9 7B010000 		.4byte	0x17b
 344 00ad 07       		.uleb128 0x7
 345 00ae 1A010000 		.4byte	.LASF15
 346 00b2 00       		.sleb128 0
 347 00b3 07       		.uleb128 0x7
 348 00b4 BA010000 		.4byte	.LASF16
 349 00b8 01       		.sleb128 1
 350 00b9 07       		.uleb128 0x7
 351 00ba F6010000 		.4byte	.LASF17
 352 00be 02       		.sleb128 2
 353 00bf 07       		.uleb128 0x7
 354 00c0 67050000 		.4byte	.LASF18
 355 00c4 03       		.sleb128 3
 356 00c5 07       		.uleb128 0x7
 357 00c6 77020000 		.4byte	.LASF19
 358 00ca 04       		.sleb128 4
 359 00cb 07       		.uleb128 0x7
 360 00cc D8010000 		.4byte	.LASF20
 361 00d0 05       		.sleb128 5
 362 00d1 07       		.uleb128 0x7
 363 00d2 44020000 		.4byte	.LASF21
 364 00d6 06       		.sleb128 6
 365 00d7 07       		.uleb128 0x7
 366 00d8 48030000 		.4byte	.LASF22
 367 00dc 07       		.sleb128 7
 368 00dd 07       		.uleb128 0x7
 369 00de FC020000 		.4byte	.LASF23
 370 00e2 08       		.sleb128 8
 371 00e3 07       		.uleb128 0x7
 372 00e4 D9030000 		.4byte	.LASF24
 373 00e8 09       		.sleb128 9
 374 00e9 07       		.uleb128 0x7
 375 00ea 68000000 		.4byte	.LASF25
 376 00ee 0A       		.sleb128 10
 377 00ef 07       		.uleb128 0x7
 378 00f0 C3020000 		.4byte	.LASF26
 379 00f4 0B       		.sleb128 11
 380 00f5 07       		.uleb128 0x7
 381 00f6 C2030000 		.4byte	.LASF27
 382 00fa 0C       		.sleb128 12
 383 00fb 07       		.uleb128 0x7
 384 00fc FB030000 		.4byte	.LASF28
 385 0100 0D       		.sleb128 13
 386 0101 07       		.uleb128 0x7
ARM GAS  C:\Users\Julian\AppData\Local\Temp\ccTyPpth.s 			page 11


 387 0102 3F000000 		.4byte	.LASF29
 388 0106 0E       		.sleb128 14
 389 0107 07       		.uleb128 0x7
 390 0108 1A000000 		.4byte	.LASF30
 391 010c 0F       		.sleb128 15
 392 010d 07       		.uleb128 0x7
 393 010e 31070000 		.4byte	.LASF31
 394 0112 10       		.sleb128 16
 395 0113 07       		.uleb128 0x7
 396 0114 E3000000 		.4byte	.LASF32
 397 0118 11       		.sleb128 17
 398 0119 07       		.uleb128 0x7
 399 011a 37060000 		.4byte	.LASF33
 400 011e 12       		.sleb128 18
 401 011f 07       		.uleb128 0x7
 402 0120 0F060000 		.4byte	.LASF34
 403 0124 13       		.sleb128 19
 404 0125 07       		.uleb128 0x7
 405 0126 E5060000 		.4byte	.LASF35
 406 012a 27       		.sleb128 39
 407 012b 07       		.uleb128 0x7
 408 012c 29010000 		.4byte	.LASF36
 409 0130 28       		.sleb128 40
 410 0131 07       		.uleb128 0x7
 411 0132 8A010000 		.4byte	.LASF37
 412 0136 29       		.sleb128 41
 413 0137 07       		.uleb128 0x7
 414 0138 5A060000 		.4byte	.LASF38
 415 013c 2A       		.sleb128 42
 416 013d 07       		.uleb128 0x7
 417 013e A2050000 		.4byte	.LASF39
 418 0142 2B       		.sleb128 43
 419 0143 07       		.uleb128 0x7
 420 0144 73030000 		.4byte	.LASF40
 421 0148 2C       		.sleb128 44
 422 0149 07       		.uleb128 0x7
 423 014a 38050000 		.4byte	.LASF41
 424 014e FE01     		.sleb128 254
 425 0150 07       		.uleb128 0x7
 426 0151 07070000 		.4byte	.LASF42
 427 0155 FF01     		.sleb128 255
 428 0157 07       		.uleb128 0x7
 429 0158 B3060000 		.4byte	.LASF43
 430 015c 8002     		.sleb128 256
 431 015e 07       		.uleb128 0x7
 432 015f 5F070000 		.4byte	.LASF44
 433 0163 8102     		.sleb128 257
 434 0165 07       		.uleb128 0x7
 435 0166 59040000 		.4byte	.LASF45
 436 016a 8202     		.sleb128 258
 437 016c 07       		.uleb128 0x7
 438 016d 17070000 		.4byte	.LASF46
 439 0171 8302     		.sleb128 259
 440 0173 07       		.uleb128 0x7
 441 0174 93040000 		.4byte	.LASF47
 442 0178 8402     		.sleb128 260
 443 017a 00       		.byte	0
ARM GAS  C:\Users\Julian\AppData\Local\Temp\ccTyPpth.s 			page 12


 444 017b 04       		.uleb128 0x4
 445 017c 14020000 		.4byte	.LASF48
 446 0180 03       		.byte	0x3
 447 0181 7104     		.2byte	0x471
 448 0183 A4000000 		.4byte	0xa4
 449 0187 06       		.uleb128 0x6
 450 0188 01       		.byte	0x1
 451 0189 03       		.byte	0x3
 452 018a 7504     		.2byte	0x475
 453 018c B0010000 		.4byte	0x1b0
 454 0190 07       		.uleb128 0x7
 455 0191 FC050000 		.4byte	.LASF49
 456 0195 01       		.sleb128 1
 457 0196 07       		.uleb128 0x7
 458 0197 7C040000 		.4byte	.LASF50
 459 019b 02       		.sleb128 2
 460 019c 07       		.uleb128 0x7
 461 019d 32030000 		.4byte	.LASF51
 462 01a1 03       		.sleb128 3
 463 01a2 07       		.uleb128 0x7
 464 01a3 A2070000 		.4byte	.LASF52
 465 01a7 04       		.sleb128 4
 466 01a8 07       		.uleb128 0x7
 467 01a9 77060000 		.4byte	.LASF53
 468 01ad FF01     		.sleb128 255
 469 01af 00       		.byte	0
 470 01b0 04       		.uleb128 0x4
 471 01b1 EC020000 		.4byte	.LASF54
 472 01b5 03       		.byte	0x3
 473 01b6 9104     		.2byte	0x491
 474 01b8 87010000 		.4byte	0x187
 475 01bc 06       		.uleb128 0x6
 476 01bd 01       		.byte	0x1
 477 01be 03       		.byte	0x3
 478 01bf 9504     		.2byte	0x495
 479 01c1 F7010000 		.4byte	0x1f7
 480 01c5 07       		.uleb128 0x7
 481 01c6 CC060000 		.4byte	.LASF55
 482 01ca 01       		.sleb128 1
 483 01cb 07       		.uleb128 0x7
 484 01cc 53010000 		.4byte	.LASF56
 485 01d0 02       		.sleb128 2
 486 01d1 07       		.uleb128 0x7
 487 01d2 1A030000 		.4byte	.LASF57
 488 01d6 03       		.sleb128 3
 489 01d7 07       		.uleb128 0x7
 490 01d8 71010000 		.4byte	.LASF58
 491 01dc 04       		.sleb128 4
 492 01dd 07       		.uleb128 0x7
 493 01de 27020000 		.4byte	.LASF59
 494 01e2 05       		.sleb128 5
 495 01e3 07       		.uleb128 0x7
 496 01e4 8B060000 		.4byte	.LASF60
 497 01e8 06       		.sleb128 6
 498 01e9 07       		.uleb128 0x7
 499 01ea 82000000 		.4byte	.LASF61
 500 01ee 07       		.sleb128 7
ARM GAS  C:\Users\Julian\AppData\Local\Temp\ccTyPpth.s 			page 13


 501 01ef 07       		.uleb128 0x7
 502 01f0 00000000 		.4byte	.LASF62
 503 01f4 FF01     		.sleb128 255
 504 01f6 00       		.byte	0
 505 01f7 04       		.uleb128 0x4
 506 01f8 8B030000 		.4byte	.LASF63
 507 01fc 03       		.byte	0x3
 508 01fd A604     		.2byte	0x4a6
 509 01ff BC010000 		.4byte	0x1bc
 510 0203 06       		.uleb128 0x6
 511 0204 01       		.byte	0x1
 512 0205 04       		.byte	0x4
 513 0206 5008     		.2byte	0x850
 514 0208 31020000 		.4byte	0x231
 515 020c 07       		.uleb128 0x7
 516 020d A6010000 		.4byte	.LASF64
 517 0211 00       		.sleb128 0
 518 0212 07       		.uleb128 0x7
 519 0213 5E020000 		.4byte	.LASF65
 520 0217 01       		.sleb128 1
 521 0218 07       		.uleb128 0x7
 522 0219 8C050000 		.4byte	.LASF66
 523 021d 02       		.sleb128 2
 524 021e 07       		.uleb128 0x7
 525 021f A0020000 		.4byte	.LASF67
 526 0223 03       		.sleb128 3
 527 0224 07       		.uleb128 0x7
 528 0225 7E070000 		.4byte	.LASF68
 529 0229 04       		.sleb128 4
 530 022a 07       		.uleb128 0x7
 531 022b 27040000 		.4byte	.LASF69
 532 022f 05       		.sleb128 5
 533 0230 00       		.byte	0
 534 0231 04       		.uleb128 0x4
 535 0232 40040000 		.4byte	.LASF70
 536 0236 04       		.byte	0x4
 537 0237 5E08     		.2byte	0x85e
 538 0239 03020000 		.4byte	0x203
 539 023d 08       		.uleb128 0x8
 540 023e 4E010000 		.4byte	.LASF77
 541 0242 01       		.byte	0x1
 542 0243 1C       		.byte	0x1c
 543 0244 5D000000 		.4byte	0x5d
 544 0248 00000000 		.4byte	.LFB37
 545 024c 38010000 		.4byte	.LFE37-.LFB37
 546 0250 01       		.uleb128 0x1
 547 0251 9C       		.byte	0x9c
 548 0252 81020000 		.4byte	0x281
 549 0256 09       		.uleb128 0x9
 550 0257 20040000 		.4byte	.LASF71
 551 025b 01       		.byte	0x1
 552 025c 1F       		.byte	0x1f
 553 025d B0010000 		.4byte	0x1b0
 554 0261 02       		.uleb128 0x2
 555 0262 91       		.byte	0x91
 556 0263 6D       		.sleb128 -19
 557 0264 09       		.uleb128 0x9
ARM GAS  C:\Users\Julian\AppData\Local\Temp\ccTyPpth.s 			page 14


 558 0265 4E040000 		.4byte	.LASF72
 559 0269 01       		.byte	0x1
 560 026a 20       		.byte	0x20
 561 026b F7010000 		.4byte	0x1f7
 562 026f 02       		.uleb128 0x2
 563 0270 91       		.byte	0x91
 564 0271 6C       		.sleb128 -20
 565 0272 09       		.uleb128 0x9
 566 0273 95070000 		.4byte	.LASF73
 567 0277 01       		.byte	0x1
 568 0278 23       		.byte	0x23
 569 0279 7B010000 		.4byte	0x17b
 570 027d 02       		.uleb128 0x2
 571 027e 91       		.byte	0x91
 572 027f 6E       		.sleb128 -18
 573 0280 00       		.byte	0
 574 0281 0A       		.uleb128 0xa
 575 0282 A7060000 		.4byte	.LASF78
 576 0286 04       		.byte	0x4
 577 0287 A90A     		.2byte	0xaa9
 578 0289 31020000 		.4byte	0x231
 579 028d 00       		.byte	0
 580              		.section	.debug_abbrev,"",%progbits
 581              	.Ldebug_abbrev0:
 582 0000 01       		.uleb128 0x1
 583 0001 11       		.uleb128 0x11
 584 0002 01       		.byte	0x1
 585 0003 25       		.uleb128 0x25
 586 0004 0E       		.uleb128 0xe
 587 0005 13       		.uleb128 0x13
 588 0006 0B       		.uleb128 0xb
 589 0007 03       		.uleb128 0x3
 590 0008 0E       		.uleb128 0xe
 591 0009 1B       		.uleb128 0x1b
 592 000a 0E       		.uleb128 0xe
 593 000b 55       		.uleb128 0x55
 594 000c 17       		.uleb128 0x17
 595 000d 11       		.uleb128 0x11
 596 000e 01       		.uleb128 0x1
 597 000f 10       		.uleb128 0x10
 598 0010 17       		.uleb128 0x17
 599 0011 00       		.byte	0
 600 0012 00       		.byte	0
 601 0013 02       		.uleb128 0x2
 602 0014 24       		.uleb128 0x24
 603 0015 00       		.byte	0
 604 0016 0B       		.uleb128 0xb
 605 0017 0B       		.uleb128 0xb
 606 0018 3E       		.uleb128 0x3e
 607 0019 0B       		.uleb128 0xb
 608 001a 03       		.uleb128 0x3
 609 001b 0E       		.uleb128 0xe
 610 001c 00       		.byte	0
 611 001d 00       		.byte	0
 612 001e 03       		.uleb128 0x3
 613 001f 24       		.uleb128 0x24
 614 0020 00       		.byte	0
ARM GAS  C:\Users\Julian\AppData\Local\Temp\ccTyPpth.s 			page 15


 615 0021 0B       		.uleb128 0xb
 616 0022 0B       		.uleb128 0xb
 617 0023 3E       		.uleb128 0x3e
 618 0024 0B       		.uleb128 0xb
 619 0025 03       		.uleb128 0x3
 620 0026 08       		.uleb128 0x8
 621 0027 00       		.byte	0
 622 0028 00       		.byte	0
 623 0029 04       		.uleb128 0x4
 624 002a 16       		.uleb128 0x16
 625 002b 00       		.byte	0
 626 002c 03       		.uleb128 0x3
 627 002d 0E       		.uleb128 0xe
 628 002e 3A       		.uleb128 0x3a
 629 002f 0B       		.uleb128 0xb
 630 0030 3B       		.uleb128 0x3b
 631 0031 05       		.uleb128 0x5
 632 0032 49       		.uleb128 0x49
 633 0033 13       		.uleb128 0x13
 634 0034 00       		.byte	0
 635 0035 00       		.byte	0
 636 0036 05       		.uleb128 0x5
 637 0037 35       		.uleb128 0x35
 638 0038 00       		.byte	0
 639 0039 49       		.uleb128 0x49
 640 003a 13       		.uleb128 0x13
 641 003b 00       		.byte	0
 642 003c 00       		.byte	0
 643 003d 06       		.uleb128 0x6
 644 003e 04       		.uleb128 0x4
 645 003f 01       		.byte	0x1
 646 0040 0B       		.uleb128 0xb
 647 0041 0B       		.uleb128 0xb
 648 0042 3A       		.uleb128 0x3a
 649 0043 0B       		.uleb128 0xb
 650 0044 3B       		.uleb128 0x3b
 651 0045 05       		.uleb128 0x5
 652 0046 01       		.uleb128 0x1
 653 0047 13       		.uleb128 0x13
 654 0048 00       		.byte	0
 655 0049 00       		.byte	0
 656 004a 07       		.uleb128 0x7
 657 004b 28       		.uleb128 0x28
 658 004c 00       		.byte	0
 659 004d 03       		.uleb128 0x3
 660 004e 0E       		.uleb128 0xe
 661 004f 1C       		.uleb128 0x1c
 662 0050 0D       		.uleb128 0xd
 663 0051 00       		.byte	0
 664 0052 00       		.byte	0
 665 0053 08       		.uleb128 0x8
 666 0054 2E       		.uleb128 0x2e
 667 0055 01       		.byte	0x1
 668 0056 3F       		.uleb128 0x3f
 669 0057 19       		.uleb128 0x19
 670 0058 03       		.uleb128 0x3
 671 0059 0E       		.uleb128 0xe
ARM GAS  C:\Users\Julian\AppData\Local\Temp\ccTyPpth.s 			page 16


 672 005a 3A       		.uleb128 0x3a
 673 005b 0B       		.uleb128 0xb
 674 005c 3B       		.uleb128 0x3b
 675 005d 0B       		.uleb128 0xb
 676 005e 49       		.uleb128 0x49
 677 005f 13       		.uleb128 0x13
 678 0060 11       		.uleb128 0x11
 679 0061 01       		.uleb128 0x1
 680 0062 12       		.uleb128 0x12
 681 0063 06       		.uleb128 0x6
 682 0064 40       		.uleb128 0x40
 683 0065 18       		.uleb128 0x18
 684 0066 9642     		.uleb128 0x2116
 685 0068 19       		.uleb128 0x19
 686 0069 01       		.uleb128 0x1
 687 006a 13       		.uleb128 0x13
 688 006b 00       		.byte	0
 689 006c 00       		.byte	0
 690 006d 09       		.uleb128 0x9
 691 006e 34       		.uleb128 0x34
 692 006f 00       		.byte	0
 693 0070 03       		.uleb128 0x3
 694 0071 0E       		.uleb128 0xe
 695 0072 3A       		.uleb128 0x3a
 696 0073 0B       		.uleb128 0xb
 697 0074 3B       		.uleb128 0x3b
 698 0075 0B       		.uleb128 0xb
 699 0076 49       		.uleb128 0x49
 700 0077 13       		.uleb128 0x13
 701 0078 02       		.uleb128 0x2
 702 0079 18       		.uleb128 0x18
 703 007a 00       		.byte	0
 704 007b 00       		.byte	0
 705 007c 0A       		.uleb128 0xa
 706 007d 34       		.uleb128 0x34
 707 007e 00       		.byte	0
 708 007f 03       		.uleb128 0x3
 709 0080 0E       		.uleb128 0xe
 710 0081 3A       		.uleb128 0x3a
 711 0082 0B       		.uleb128 0xb
 712 0083 3B       		.uleb128 0x3b
 713 0084 05       		.uleb128 0x5
 714 0085 49       		.uleb128 0x49
 715 0086 13       		.uleb128 0x13
 716 0087 3F       		.uleb128 0x3f
 717 0088 19       		.uleb128 0x19
 718 0089 3C       		.uleb128 0x3c
 719 008a 19       		.uleb128 0x19
 720 008b 00       		.byte	0
 721 008c 00       		.byte	0
 722 008d 00       		.byte	0
 723              		.section	.debug_aranges,"",%progbits
 724 0000 1C000000 		.4byte	0x1c
 725 0004 0200     		.2byte	0x2
 726 0006 00000000 		.4byte	.Ldebug_info0
 727 000a 04       		.byte	0x4
 728 000b 00       		.byte	0
ARM GAS  C:\Users\Julian\AppData\Local\Temp\ccTyPpth.s 			page 17


 729 000c 0000     		.2byte	0
 730 000e 0000     		.2byte	0
 731 0010 00000000 		.4byte	.LFB37
 732 0014 38010000 		.4byte	.LFE37-.LFB37
 733 0018 00000000 		.4byte	0
 734 001c 00000000 		.4byte	0
 735              		.section	.debug_ranges,"",%progbits
 736              	.Ldebug_ranges0:
 737 0000 00000000 		.4byte	.LFB37
 738 0004 38010000 		.4byte	.LFE37
 739 0008 00000000 		.4byte	0
 740 000c 00000000 		.4byte	0
 741              		.section	.debug_line,"",%progbits
 742              	.Ldebug_line0:
 743 0000 E2000000 		.section	.debug_str,"MS",%progbits,1
 743      02006600 
 743      00000201 
 743      FB0E0D00 
 743      01010101 
 744              	.LASF62:
 745 0000 4359424C 		.ascii	"CYBLE_BLESS_STATE_INVALID\000"
 745      455F424C 
 745      4553535F 
 745      53544154 
 745      455F494E 
 746              	.LASF30:
 747 001a 4359424C 		.ascii	"CYBLE_ERROR_L2CAP_PSM_NOT_REGISTERED\000"
 747      455F4552 
 747      524F525F 
 747      4C324341 
 747      505F5053 
 748              	.LASF29:
 749 003f 4359424C 		.ascii	"CYBLE_ERROR_L2CAP_PSM_ALREADY_REGISTERED\000"
 749      455F4552 
 749      524F525F 
 749      4C324341 
 749      505F5053 
 750              	.LASF25:
 751 0068 4359424C 		.ascii	"CYBLE_ERROR_TX_POWER_READ\000"
 751      455F4552 
 751      524F525F 
 751      54585F50 
 751      4F574552 
 752              	.LASF61:
 753 0082 4359424C 		.ascii	"CYBLE_BLESS_STATE_HIBERNATE\000"
 753      455F424C 
 753      4553535F 
 753      53544154 
 753      455F4849 
 754              	.LASF76:
 755 009e 443A5C77 		.ascii	"D:\\work\\LoRa\\LoraMote1\\UART_to_BLE_central\\UAR"
 755      6F726B5C 
 755      4C6F5261 
 755      5C4C6F72 
 755      614D6F74 
 756 00cc 545F746F 		.ascii	"T_to_BLE_central.cydsn\000"
 756      5F424C45 
ARM GAS  C:\Users\Julian\AppData\Local\Temp\ccTyPpth.s 			page 18


 756      5F63656E 
 756      7472616C 
 756      2E637964 
 757              	.LASF32:
 758 00e3 4359424C 		.ascii	"CYBLE_ERROR_L2CAP_CHANNEL_NOT_FOUND\000"
 758      455F4552 
 758      524F525F 
 758      4C324341 
 758      505F4348 
 759              	.LASF2:
 760 0107 73686F72 		.ascii	"short int\000"
 760      7420696E 
 760      7400
 761              	.LASF14:
 762 0111 73697A65 		.ascii	"sizetype\000"
 762      74797065 
 762      00
 763              	.LASF15:
 764 011a 4359424C 		.ascii	"CYBLE_ERROR_OK\000"
 764      455F4552 
 764      524F525F 
 764      4F4B00
 765              	.LASF36:
 766 0129 4359424C 		.ascii	"CYBLE_ERROR_FLASH_WRITE_NOT_PERMITED\000"
 766      455F4552 
 766      524F525F 
 766      464C4153 
 766      485F5752 
 767              	.LASF77:
 768 014e 6D61696E 		.ascii	"main\000"
 768      00
 769              	.LASF56:
 770 0153 4359424C 		.ascii	"CYBLE_BLESS_STATE_EVENT_CLOSE\000"
 770      455F424C 
 770      4553535F 
 770      53544154 
 770      455F4556 
 771              	.LASF58:
 772 0171 4359424C 		.ascii	"CYBLE_BLESS_STATE_ECO_ON\000"
 772      455F424C 
 772      4553535F 
 772      53544154 
 772      455F4543 
 773              	.LASF37:
 774 018a 4359424C 		.ascii	"CYBLE_ERROR_MIC_AUTH_FAILED\000"
 774      455F4552 
 774      524F525F 
 774      4D49435F 
 774      41555448 
 775              	.LASF64:
 776 01a6 4359424C 		.ascii	"CYBLE_STATE_STOPPED\000"
 776      455F5354 
 776      4154455F 
 776      53544F50 
 776      50454400 
 777              	.LASF16:
 778 01ba 4359424C 		.ascii	"CYBLE_ERROR_INVALID_PARAMETER\000"
ARM GAS  C:\Users\Julian\AppData\Local\Temp\ccTyPpth.s 			page 19


 778      455F4552 
 778      524F525F 
 778      494E5641 
 778      4C49445F 
 779              	.LASF20:
 780 01d8 4359424C 		.ascii	"CYBLE_ERROR_OOB_NOT_AVAILABLE\000"
 780      455F4552 
 780      524F525F 
 780      4F4F425F 
 780      4E4F545F 
 781              	.LASF17:
 782 01f6 4359424C 		.ascii	"CYBLE_ERROR_INVALID_OPERATION\000"
 782      455F4552 
 782      524F525F 
 782      494E5641 
 782      4C49445F 
 783              	.LASF48:
 784 0214 4359424C 		.ascii	"CYBLE_API_RESULT_T\000"
 784      455F4150 
 784      495F5245 
 784      53554C54 
 784      5F5400
 785              	.LASF59:
 786 0227 4359424C 		.ascii	"CYBLE_BLESS_STATE_ECO_STABLE\000"
 786      455F424C 
 786      4553535F 
 786      53544154 
 786      455F4543 
 787              	.LASF21:
 788 0244 4359424C 		.ascii	"CYBLE_ERROR_NO_CONNECTION\000"
 788      455F4552 
 788      524F525F 
 788      4E4F5F43 
 788      4F4E4E45 
 789              	.LASF65:
 790 025e 4359424C 		.ascii	"CYBLE_STATE_INITIALIZING\000"
 790      455F5354 
 790      4154455F 
 790      494E4954 
 790      49414C49 
 791              	.LASF19:
 792 0277 4359424C 		.ascii	"CYBLE_ERROR_INSUFFICIENT_RESOURCES\000"
 792      455F4552 
 792      524F525F 
 792      494E5355 
 792      46464943 
 793              	.LASF9:
 794 029a 666C6F61 		.ascii	"float\000"
 794      7400
 795              	.LASF67:
 796 02a0 4359424C 		.ascii	"CYBLE_STATE_SCANNING\000"
 796      455F5354 
 796      4154455F 
 796      5343414E 
 796      4E494E47 
 797              	.LASF6:
 798 02b5 6C6F6E67 		.ascii	"long long int\000"
ARM GAS  C:\Users\Julian\AppData\Local\Temp\ccTyPpth.s 			page 20


 798      206C6F6E 
 798      6720696E 
 798      7400
 799              	.LASF26:
 800 02c3 4359424C 		.ascii	"CYBLE_ERROR_BT_ON_NOT_COMPLETED\000"
 800      455F4552 
 800      524F525F 
 800      42545F4F 
 800      4E5F4E4F 
 801              	.LASF4:
 802 02e3 6C6F6E67 		.ascii	"long int\000"
 802      20696E74 
 802      00
 803              	.LASF54:
 804 02ec 4359424C 		.ascii	"CYBLE_LP_MODE_T\000"
 804      455F4C50 
 804      5F4D4F44 
 804      455F5400 
 805              	.LASF23:
 806 02fc 4359424C 		.ascii	"CYBLE_ERROR_REPEATED_ATTEMPTS\000"
 806      455F4552 
 806      524F525F 
 806      52455045 
 806      41544544 
 807              	.LASF57:
 808 031a 4359424C 		.ascii	"CYBLE_BLESS_STATE_SLEEP\000"
 808      455F424C 
 808      4553535F 
 808      53544154 
 808      455F534C 
 809              	.LASF51:
 810 0332 4359424C 		.ascii	"CYBLE_BLESS_DEEPSLEEP\000"
 810      455F424C 
 810      4553535F 
 810      44454550 
 810      534C4545 
 811              	.LASF22:
 812 0348 4359424C 		.ascii	"CYBLE_ERROR_NO_DEVICE_ENTITY\000"
 812      455F4552 
 812      524F525F 
 812      4E4F5F44 
 812      45564943 
 813              	.LASF1:
 814 0365 756E7369 		.ascii	"unsigned char\000"
 814      676E6564 
 814      20636861 
 814      7200
 815              	.LASF40:
 816 0373 4359424C 		.ascii	"CYBLE_ERROR_FLASH_WRITE\000"
 816      455F4552 
 816      524F525F 
 816      464C4153 
 816      485F5752 
 817              	.LASF63:
 818 038b 4359424C 		.ascii	"CYBLE_BLESS_STATE_T\000"
 818      455F424C 
 818      4553535F 
ARM GAS  C:\Users\Julian\AppData\Local\Temp\ccTyPpth.s 			page 21


 818      53544154 
 818      455F5400 
 819              	.LASF0:
 820 039f 7369676E 		.ascii	"signed char\000"
 820      65642063 
 820      68617200 
 821              	.LASF7:
 822 03ab 6C6F6E67 		.ascii	"long long unsigned int\000"
 822      206C6F6E 
 822      6720756E 
 822      7369676E 
 822      65642069 
 823              	.LASF27:
 824 03c2 4359424C 		.ascii	"CYBLE_ERROR_SEC_FAILED\000"
 824      455F4552 
 824      524F525F 
 824      5345435F 
 824      4641494C 
 825              	.LASF24:
 826 03d9 4359424C 		.ascii	"CYBLE_ERROR_GAP_ROLE\000"
 826      455F4552 
 826      524F525F 
 826      4741505F 
 826      524F4C45 
 827              	.LASF8:
 828 03ee 756E7369 		.ascii	"unsigned int\000"
 828      676E6564 
 828      20696E74 
 828      00
 829              	.LASF28:
 830 03fb 4359424C 		.ascii	"CYBLE_ERROR_L2CAP_PSM_WRONG_ENCODING\000"
 830      455F4552 
 830      524F525F 
 830      4C324341 
 830      505F5053 
 831              	.LASF71:
 832 0420 6C704D6F 		.ascii	"lpMode\000"
 832      646500
 833              	.LASF69:
 834 0427 4359424C 		.ascii	"CYBLE_STATE_DISCONNECTED\000"
 834      455F5354 
 834      4154455F 
 834      44495343 
 834      4F4E4E45 
 835              	.LASF70:
 836 0440 4359424C 		.ascii	"CYBLE_STATE_T\000"
 836      455F5354 
 836      4154455F 
 836      5400
 837              	.LASF72:
 838 044e 626C6573 		.ascii	"blessState\000"
 838      73537461 
 838      746500
 839              	.LASF45:
 840 0459 4359424C 		.ascii	"CYBLE_ERROR_CHAR_IS_NOT_DISCOVERED\000"
 840      455F4552 
 840      524F525F 
ARM GAS  C:\Users\Julian\AppData\Local\Temp\ccTyPpth.s 			page 22


 840      43484152 
 840      5F49535F 
 841              	.LASF50:
 842 047c 4359424C 		.ascii	"CYBLE_BLESS_SLEEP\000"
 842      455F424C 
 842      4553535F 
 842      534C4545 
 842      5000
 843              	.LASF11:
 844 048e 63686172 		.ascii	"char\000"
 844      00
 845              	.LASF47:
 846 0493 4359424C 		.ascii	"CYBLE_ERROR_STACK_BUSY\000"
 846      455F4552 
 846      524F525F 
 846      53544143 
 846      4B5F4255 
 847              	.LASF74:
 848 04aa 474E5520 		.ascii	"GNU C 4.9.3 20150303 (release) [ARM/embedded-4_9-br"
 848      4320342E 
 848      392E3320 
 848      32303135 
 848      30333033 
 849 04dd 616E6368 		.ascii	"anch revision 221220] -mcpu=cortex-m0 -mthumb -g -O"
 849      20726576 
 849      6973696F 
 849      6E203232 
 849      31323230 
 850 0510 30202D66 		.ascii	"0 -ffunction-sections -ffat-lto-objects\000"
 850      66756E63 
 850      74696F6E 
 850      2D736563 
 850      74696F6E 
 851              	.LASF41:
 852 0538 4359424C 		.ascii	"CYBLE_ERROR_CONTROLLER_BUSY\000"
 852      455F4552 
 852      524F525F 
 852      434F4E54 
 852      524F4C4C 
 853              	.LASF3:
 854 0554 73686F72 		.ascii	"short unsigned int\000"
 854      7420756E 
 854      7369676E 
 854      65642069 
 854      6E7400
 855              	.LASF18:
 856 0567 4359424C 		.ascii	"CYBLE_ERROR_MEMORY_ALLOCATION_FAILED\000"
 856      455F4552 
 856      524F525F 
 856      4D454D4F 
 856      52595F41 
 857              	.LASF66:
 858 058c 4359424C 		.ascii	"CYBLE_STATE_CONNECTED\000"
 858      455F5354 
 858      4154455F 
 858      434F4E4E 
 858      45435445 
ARM GAS  C:\Users\Julian\AppData\Local\Temp\ccTyPpth.s 			page 23


 859              	.LASF39:
 860 05a2 4359424C 		.ascii	"CYBLE_ERROR_UNSUPPORTED_FEATURE_OR_PARAMETER_VALUE\000"
 860      455F4552 
 860      524F525F 
 860      554E5355 
 860      50504F52 
 861              	.LASF12:
 862 05d5 75696E74 		.ascii	"uint32\000"
 862      333200
 863              	.LASF75:
 864 05dc 6D61696E 		.ascii	"main.c\000"
 864      2E6300
 865              	.LASF5:
 866 05e3 6C6F6E67 		.ascii	"long unsigned int\000"
 866      20756E73 
 866      69676E65 
 866      6420696E 
 866      7400
 867              	.LASF10:
 868 05f5 646F7562 		.ascii	"double\000"
 868      6C6500
 869              	.LASF49:
 870 05fc 4359424C 		.ascii	"CYBLE_BLESS_ACTIVE\000"
 870      455F424C 
 870      4553535F 
 870      41435449 
 870      564500
 871              	.LASF34:
 872 060f 4359424C 		.ascii	"CYBLE_ERROR_GATT_DB_INVALID_ATTR_HANDLE\000"
 872      455F4552 
 872      524F525F 
 872      47415454 
 872      5F44425F 
 873              	.LASF33:
 874 0637 4359424C 		.ascii	"CYBLE_ERROR_L2CAP_PSM_NOT_IN_RANGE\000"
 874      455F4552 
 874      524F525F 
 874      4C324341 
 874      505F5053 
 875              	.LASF38:
 876 065a 4359424C 		.ascii	"CYBLE_ERROR_HARDWARE_FAILURE\000"
 876      455F4552 
 876      524F525F 
 876      48415244 
 876      57415245 
 877              	.LASF53:
 878 0677 4359424C 		.ascii	"CYBLE_BLESS_INVALID\000"
 878      455F424C 
 878      4553535F 
 878      494E5641 
 878      4C494400 
 879              	.LASF60:
 880 068b 4359424C 		.ascii	"CYBLE_BLESS_STATE_DEEPSLEEP\000"
 880      455F424C 
 880      4553535F 
 880      53544154 
 880      455F4445 
ARM GAS  C:\Users\Julian\AppData\Local\Temp\ccTyPpth.s 			page 24


 881              	.LASF78:
 882 06a7 6379426C 		.ascii	"cyBle_state\000"
 882      655F7374 
 882      61746500 
 883              	.LASF43:
 884 06b3 4359424C 		.ascii	"CYBLE_ERROR_NTF_DISABLED\000"
 884      455F4552 
 884      524F525F 
 884      4E54465F 
 884      44495341 
 885              	.LASF55:
 886 06cc 4359424C 		.ascii	"CYBLE_BLESS_STATE_ACTIVE\000"
 886      455F424C 
 886      4553535F 
 886      53544154 
 886      455F4143 
 887              	.LASF35:
 888 06e5 4359424C 		.ascii	"CYBLE_ERROR_DEVICE_ALREADY_EXISTS\000"
 888      455F4552 
 888      524F525F 
 888      44455649 
 888      43455F41 
 889              	.LASF42:
 890 0707 4359424C 		.ascii	"CYBLE_ERROR_MAX\000"
 890      455F4552 
 890      524F525F 
 890      4D415800 
 891              	.LASF46:
 892 0717 4359424C 		.ascii	"CYBLE_ERROR_INVALID_STATE\000"
 892      455F4552 
 892      524F525F 
 892      494E5641 
 892      4C49445F 
 893              	.LASF31:
 894 0731 4359424C 		.ascii	"CYBLE_ERROR_L2CAP_CONNECTION_ENTITY_NOT_FOUND\000"
 894      455F4552 
 894      524F525F 
 894      4C324341 
 894      505F434F 
 895              	.LASF44:
 896 075f 4359424C 		.ascii	"CYBLE_ERROR_IND_DISABLED\000"
 896      455F4552 
 896      524F525F 
 896      494E445F 
 896      44495341 
 897              	.LASF13:
 898 0778 72656733 		.ascii	"reg32\000"
 898      3200
 899              	.LASF68:
 900 077e 4359424C 		.ascii	"CYBLE_STATE_CONNECTING\000"
 900      455F5354 
 900      4154455F 
 900      434F4E4E 
 900      45435449 
 901              	.LASF73:
 902 0795 626C6541 		.ascii	"bleApiResult\000"
 902      70695265 
ARM GAS  C:\Users\Julian\AppData\Local\Temp\ccTyPpth.s 			page 25


 902      73756C74 
 902      00
 903              	.LASF52:
 904 07a2 4359424C 		.ascii	"CYBLE_BLESS_HIBERNATE\000"
 904      455F424C 
 904      4553535F 
 904      48494245 
 904      524E4154 
 905              		.ident	"GCC: (GNU Tools for ARM Embedded Processors) 4.9.3 20150303 (release) [ARM/embedded-4_9-br
