ARM GAS  C:\Users\Julian\AppData\Local\Temp\ccpe74Cc.s 			page 1


   1              		.cpu cortex-m0
   2              		.fpu softvfp
   3              		.eabi_attribute 20, 1
   4              		.eabi_attribute 21, 1
   5              		.eabi_attribute 23, 3
   6              		.eabi_attribute 24, 1
   7              		.eabi_attribute 25, 1
   8              		.eabi_attribute 26, 1
   9              		.eabi_attribute 30, 6
  10              		.eabi_attribute 34, 0
  11              		.eabi_attribute 18, 4
  12              		.code	16
  13              		.file	"UART_SPI_UART_INT.c"
  14              		.text
  15              	.Ltext0:
  16              		.cfi_sections	.debug_frame
  17              		.section	.text.UART_SPI_UART_ISR,"ax",%progbits
  18              		.align	2
  19              		.global	UART_SPI_UART_ISR
  20              		.code	16
  21              		.thumb_func
  22              		.type	UART_SPI_UART_ISR, %function
  23              	UART_SPI_UART_ISR:
  24              	.LFB2:
  25              		.file 1 "Generated_Source\\PSoC4\\UART_SPI_UART_INT.c"
   1:Generated_Source\PSoC4/UART_SPI_UART_INT.c **** /***************************************************************************//**
   2:Generated_Source\PSoC4/UART_SPI_UART_INT.c **** * \file UART_SPI_UART_INT.c
   3:Generated_Source\PSoC4/UART_SPI_UART_INT.c **** * \version 3.20
   4:Generated_Source\PSoC4/UART_SPI_UART_INT.c **** *
   5:Generated_Source\PSoC4/UART_SPI_UART_INT.c **** * \brief
   6:Generated_Source\PSoC4/UART_SPI_UART_INT.c **** *  This file provides the source code to the Interrupt Service Routine for
   7:Generated_Source\PSoC4/UART_SPI_UART_INT.c **** *  the SCB Component in SPI and UART modes.
   8:Generated_Source\PSoC4/UART_SPI_UART_INT.c **** *
   9:Generated_Source\PSoC4/UART_SPI_UART_INT.c **** * Note:
  10:Generated_Source\PSoC4/UART_SPI_UART_INT.c **** *
  11:Generated_Source\PSoC4/UART_SPI_UART_INT.c **** ********************************************************************************
  12:Generated_Source\PSoC4/UART_SPI_UART_INT.c **** * \copyright
  13:Generated_Source\PSoC4/UART_SPI_UART_INT.c **** * Copyright 2013-2016, Cypress Semiconductor Corporation.  All rights reserved.
  14:Generated_Source\PSoC4/UART_SPI_UART_INT.c **** * You may use this file only in accordance with the license, terms, conditions,
  15:Generated_Source\PSoC4/UART_SPI_UART_INT.c **** * disclaimers, and limitations in the end user license agreement accompanying
  16:Generated_Source\PSoC4/UART_SPI_UART_INT.c **** * the software package with which this file was provided.
  17:Generated_Source\PSoC4/UART_SPI_UART_INT.c **** *******************************************************************************/
  18:Generated_Source\PSoC4/UART_SPI_UART_INT.c **** 
  19:Generated_Source\PSoC4/UART_SPI_UART_INT.c **** #include "UART_PVT.h"
  20:Generated_Source\PSoC4/UART_SPI_UART_INT.c **** #include "UART_SPI_UART_PVT.h"
  21:Generated_Source\PSoC4/UART_SPI_UART_INT.c **** 
  22:Generated_Source\PSoC4/UART_SPI_UART_INT.c **** 
  23:Generated_Source\PSoC4/UART_SPI_UART_INT.c **** #if (UART_SCB_IRQ_INTERNAL)
  24:Generated_Source\PSoC4/UART_SPI_UART_INT.c **** /*******************************************************************************
  25:Generated_Source\PSoC4/UART_SPI_UART_INT.c **** * Function Name: UART_SPI_UART_ISR
  26:Generated_Source\PSoC4/UART_SPI_UART_INT.c **** ****************************************************************************//**
  27:Generated_Source\PSoC4/UART_SPI_UART_INT.c **** *
  28:Generated_Source\PSoC4/UART_SPI_UART_INT.c **** *  Handles the Interrupt Service Routine for the SCB SPI or UART modes.
  29:Generated_Source\PSoC4/UART_SPI_UART_INT.c **** *
  30:Generated_Source\PSoC4/UART_SPI_UART_INT.c **** *******************************************************************************/
  31:Generated_Source\PSoC4/UART_SPI_UART_INT.c **** CY_ISR(UART_SPI_UART_ISR)
  32:Generated_Source\PSoC4/UART_SPI_UART_INT.c **** {
ARM GAS  C:\Users\Julian\AppData\Local\Temp\ccpe74Cc.s 			page 2


  26              		.loc 1 32 0
  27              		.cfi_startproc
  28 0000 80B5     		push	{r7, lr}
  29              		.cfi_def_cfa_offset 8
  30              		.cfi_offset 7, -8
  31              		.cfi_offset 14, -4
  32 0002 82B0     		sub	sp, sp, #8
  33              		.cfi_def_cfa_offset 16
  34 0004 00AF     		add	r7, sp, #0
  35              		.cfi_def_cfa_register 7
  33:Generated_Source\PSoC4/UART_SPI_UART_INT.c **** #if (UART_INTERNAL_RX_SW_BUFFER_CONST)
  34:Generated_Source\PSoC4/UART_SPI_UART_INT.c ****     uint32 locHead;
  35:Generated_Source\PSoC4/UART_SPI_UART_INT.c **** #endif /* (UART_INTERNAL_RX_SW_BUFFER_CONST) */
  36:Generated_Source\PSoC4/UART_SPI_UART_INT.c **** 
  37:Generated_Source\PSoC4/UART_SPI_UART_INT.c **** #if (UART_INTERNAL_TX_SW_BUFFER_CONST)
  38:Generated_Source\PSoC4/UART_SPI_UART_INT.c ****     uint32 locTail;
  39:Generated_Source\PSoC4/UART_SPI_UART_INT.c **** #endif /* (UART_INTERNAL_TX_SW_BUFFER_CONST) */
  40:Generated_Source\PSoC4/UART_SPI_UART_INT.c **** 
  41:Generated_Source\PSoC4/UART_SPI_UART_INT.c **** #ifdef UART_SPI_UART_ISR_ENTRY_CALLBACK
  42:Generated_Source\PSoC4/UART_SPI_UART_INT.c ****     UART_SPI_UART_ISR_EntryCallback();
  43:Generated_Source\PSoC4/UART_SPI_UART_INT.c **** #endif /* UART_SPI_UART_ISR_ENTRY_CALLBACK */
  44:Generated_Source\PSoC4/UART_SPI_UART_INT.c **** 
  45:Generated_Source\PSoC4/UART_SPI_UART_INT.c ****     if (NULL != UART_customIntrHandler)
  36              		.loc 1 45 0
  37 0006 344B     		ldr	r3, .L15
  38 0008 1B68     		ldr	r3, [r3]
  39 000a 002B     		cmp	r3, #0
  40 000c 02D0     		beq	.L2
  46:Generated_Source\PSoC4/UART_SPI_UART_INT.c ****     {
  47:Generated_Source\PSoC4/UART_SPI_UART_INT.c ****         UART_customIntrHandler();
  41              		.loc 1 47 0
  42 000e 324B     		ldr	r3, .L15
  43 0010 1B68     		ldr	r3, [r3]
  44 0012 9847     		blx	r3
  45              	.L2:
  48:Generated_Source\PSoC4/UART_SPI_UART_INT.c ****     }
  49:Generated_Source\PSoC4/UART_SPI_UART_INT.c **** 
  50:Generated_Source\PSoC4/UART_SPI_UART_INT.c ****     #if(UART_CHECK_SPI_WAKE_ENABLE)
  51:Generated_Source\PSoC4/UART_SPI_UART_INT.c ****     {
  52:Generated_Source\PSoC4/UART_SPI_UART_INT.c ****         /* Clear SPI wakeup source */
  53:Generated_Source\PSoC4/UART_SPI_UART_INT.c ****         UART_ClearSpiExtClkInterruptSource(UART_INTR_SPI_EC_WAKE_UP);
  54:Generated_Source\PSoC4/UART_SPI_UART_INT.c ****     }
  55:Generated_Source\PSoC4/UART_SPI_UART_INT.c ****     #endif
  56:Generated_Source\PSoC4/UART_SPI_UART_INT.c **** 
  57:Generated_Source\PSoC4/UART_SPI_UART_INT.c ****     #if (UART_CHECK_RX_SW_BUFFER)
  58:Generated_Source\PSoC4/UART_SPI_UART_INT.c ****     {
  59:Generated_Source\PSoC4/UART_SPI_UART_INT.c ****         if (UART_CHECK_INTR_RX_MASKED(UART_INTR_RX_NOT_EMPTY))
  46              		.loc 1 59 0
  47 0014 314B     		ldr	r3, .L15+4
  48 0016 1B68     		ldr	r3, [r3]
  49 0018 0422     		mov	r2, #4
  50 001a 1340     		and	r3, r2
  51 001c 28D0     		beq	.L3
  52              	.L7:
  60:Generated_Source\PSoC4/UART_SPI_UART_INT.c ****         {
  61:Generated_Source\PSoC4/UART_SPI_UART_INT.c ****             do
  62:Generated_Source\PSoC4/UART_SPI_UART_INT.c ****             {
ARM GAS  C:\Users\Julian\AppData\Local\Temp\ccpe74Cc.s 			page 3


  63:Generated_Source\PSoC4/UART_SPI_UART_INT.c ****                 /* Move local head index */
  64:Generated_Source\PSoC4/UART_SPI_UART_INT.c ****                 locHead = (UART_rxBufferHead + 1u);
  53              		.loc 1 64 0
  54 001e 304B     		ldr	r3, .L15+8
  55 0020 1B68     		ldr	r3, [r3]
  56 0022 0133     		add	r3, r3, #1
  57 0024 7B60     		str	r3, [r7, #4]
  65:Generated_Source\PSoC4/UART_SPI_UART_INT.c **** 
  66:Generated_Source\PSoC4/UART_SPI_UART_INT.c ****                 /* Adjust local head index */
  67:Generated_Source\PSoC4/UART_SPI_UART_INT.c ****                 if (UART_INTERNAL_RX_BUFFER_SIZE == locHead)
  58              		.loc 1 67 0
  59 0026 7B68     		ldr	r3, [r7, #4]
  60 0028 2E4A     		ldr	r2, .L15+12
  61 002a 9342     		cmp	r3, r2
  62 002c 01D1     		bne	.L4
  68:Generated_Source\PSoC4/UART_SPI_UART_INT.c ****                 {
  69:Generated_Source\PSoC4/UART_SPI_UART_INT.c ****                     locHead = 0u;
  63              		.loc 1 69 0
  64 002e 0023     		mov	r3, #0
  65 0030 7B60     		str	r3, [r7, #4]
  66              	.L4:
  70:Generated_Source\PSoC4/UART_SPI_UART_INT.c ****                 }
  71:Generated_Source\PSoC4/UART_SPI_UART_INT.c **** 
  72:Generated_Source\PSoC4/UART_SPI_UART_INT.c ****                 if (locHead == UART_rxBufferTail)
  67              		.loc 1 72 0
  68 0032 2D4B     		ldr	r3, .L15+16
  69 0034 1B68     		ldr	r3, [r3]
  70 0036 7A68     		ldr	r2, [r7, #4]
  71 0038 9A42     		cmp	r2, r3
  72 003a 06D1     		bne	.L5
  73:Generated_Source\PSoC4/UART_SPI_UART_INT.c ****                 {
  74:Generated_Source\PSoC4/UART_SPI_UART_INT.c ****                     #if (UART_CHECK_UART_RTS_CONTROL_FLOW)
  75:Generated_Source\PSoC4/UART_SPI_UART_INT.c ****                     {
  76:Generated_Source\PSoC4/UART_SPI_UART_INT.c ****                         /* There is no space in the software buffer - disable the
  77:Generated_Source\PSoC4/UART_SPI_UART_INT.c ****                         * RX Not Empty interrupt source. The data elements are
  78:Generated_Source\PSoC4/UART_SPI_UART_INT.c ****                         * still being received into the RX FIFO until the RTS signal
  79:Generated_Source\PSoC4/UART_SPI_UART_INT.c ****                         * stops the transmitter. After the data element is read from the
  80:Generated_Source\PSoC4/UART_SPI_UART_INT.c ****                         * buffer, the RX Not Empty interrupt source is enabled to
  81:Generated_Source\PSoC4/UART_SPI_UART_INT.c ****                         * move the next data element in the software buffer.
  82:Generated_Source\PSoC4/UART_SPI_UART_INT.c ****                         */
  83:Generated_Source\PSoC4/UART_SPI_UART_INT.c ****                         UART_INTR_RX_MASK_REG &= ~UART_INTR_RX_NOT_EMPTY;
  73              		.loc 1 83 0
  74 003c 2B4B     		ldr	r3, .L15+20
  75 003e 2B4A     		ldr	r2, .L15+20
  76 0040 1268     		ldr	r2, [r2]
  77 0042 0421     		mov	r1, #4
  78 0044 8A43     		bic	r2, r1
  79 0046 1A60     		str	r2, [r3]
  84:Generated_Source\PSoC4/UART_SPI_UART_INT.c ****                         break;
  80              		.loc 1 84 0
  81 0048 0FE0     		b	.L6
  82              	.L5:
  85:Generated_Source\PSoC4/UART_SPI_UART_INT.c ****                     }
  86:Generated_Source\PSoC4/UART_SPI_UART_INT.c ****                     #else
  87:Generated_Source\PSoC4/UART_SPI_UART_INT.c ****                     {
  88:Generated_Source\PSoC4/UART_SPI_UART_INT.c ****                         /* Overflow: through away received data element */
  89:Generated_Source\PSoC4/UART_SPI_UART_INT.c ****                         (void) UART_RX_FIFO_RD_REG;
ARM GAS  C:\Users\Julian\AppData\Local\Temp\ccpe74Cc.s 			page 4


  90:Generated_Source\PSoC4/UART_SPI_UART_INT.c ****                         UART_rxBufferOverflow = (uint8) UART_INTR_RX_OVERFLOW;
  91:Generated_Source\PSoC4/UART_SPI_UART_INT.c ****                     }
  92:Generated_Source\PSoC4/UART_SPI_UART_INT.c ****                     #endif
  93:Generated_Source\PSoC4/UART_SPI_UART_INT.c ****                 }
  94:Generated_Source\PSoC4/UART_SPI_UART_INT.c ****                 else
  95:Generated_Source\PSoC4/UART_SPI_UART_INT.c ****                 {
  96:Generated_Source\PSoC4/UART_SPI_UART_INT.c ****                     /* Store received data */
  97:Generated_Source\PSoC4/UART_SPI_UART_INT.c ****                     UART_PutWordInRxBuffer(locHead, UART_RX_FIFO_RD_REG);
  83              		.loc 1 97 0
  84 004a 294B     		ldr	r3, .L15+24
  85 004c 1B68     		ldr	r3, [r3]
  86 004e D9B2     		uxtb	r1, r3
  87 0050 284A     		ldr	r2, .L15+28
  88 0052 7B68     		ldr	r3, [r7, #4]
  89 0054 D318     		add	r3, r2, r3
  90 0056 0A1C     		add	r2, r1, #0
  91 0058 1A70     		strb	r2, [r3]
  98:Generated_Source\PSoC4/UART_SPI_UART_INT.c **** 
  99:Generated_Source\PSoC4/UART_SPI_UART_INT.c ****                     /* Move head index */
 100:Generated_Source\PSoC4/UART_SPI_UART_INT.c ****                     UART_rxBufferHead = locHead;
  92              		.loc 1 100 0
  93 005a 214B     		ldr	r3, .L15+8
  94 005c 7A68     		ldr	r2, [r7, #4]
  95 005e 1A60     		str	r2, [r3]
 101:Generated_Source\PSoC4/UART_SPI_UART_INT.c ****                 }
 102:Generated_Source\PSoC4/UART_SPI_UART_INT.c ****             }
 103:Generated_Source\PSoC4/UART_SPI_UART_INT.c ****             while(0u != UART_GET_RX_FIFO_ENTRIES);
  96              		.loc 1 103 0
  97 0060 254B     		ldr	r3, .L15+32
  98 0062 1B68     		ldr	r3, [r3]
  99 0064 1F22     		mov	r2, #31
 100 0066 1340     		and	r3, r2
 101 0068 D9D1     		bne	.L7
 102              	.L6:
 104:Generated_Source\PSoC4/UART_SPI_UART_INT.c **** 
 105:Generated_Source\PSoC4/UART_SPI_UART_INT.c ****             UART_ClearRxInterruptSource(UART_INTR_RX_NOT_EMPTY);
 103              		.loc 1 105 0
 104 006a 244B     		ldr	r3, .L15+36
 105 006c 0422     		mov	r2, #4
 106 006e 1A60     		str	r2, [r3]
 107              	.L3:
 106:Generated_Source\PSoC4/UART_SPI_UART_INT.c ****         }
 107:Generated_Source\PSoC4/UART_SPI_UART_INT.c ****     }
 108:Generated_Source\PSoC4/UART_SPI_UART_INT.c ****     #endif
 109:Generated_Source\PSoC4/UART_SPI_UART_INT.c **** 
 110:Generated_Source\PSoC4/UART_SPI_UART_INT.c **** 
 111:Generated_Source\PSoC4/UART_SPI_UART_INT.c ****     #if (UART_CHECK_TX_SW_BUFFER)
 112:Generated_Source\PSoC4/UART_SPI_UART_INT.c ****     {
 113:Generated_Source\PSoC4/UART_SPI_UART_INT.c ****         if (UART_CHECK_INTR_TX_MASKED(UART_INTR_TX_NOT_FULL))
 108              		.loc 1 113 0
 109 0070 234B     		ldr	r3, .L15+40
 110 0072 1B68     		ldr	r3, [r3]
 111 0074 0222     		mov	r2, #2
 112 0076 1340     		and	r3, r2
 113 0078 2BD0     		beq	.L1
 114              	.L13:
 114:Generated_Source\PSoC4/UART_SPI_UART_INT.c ****         {
ARM GAS  C:\Users\Julian\AppData\Local\Temp\ccpe74Cc.s 			page 5


 115:Generated_Source\PSoC4/UART_SPI_UART_INT.c ****             do
 116:Generated_Source\PSoC4/UART_SPI_UART_INT.c ****             {
 117:Generated_Source\PSoC4/UART_SPI_UART_INT.c ****                 /* Check for room in TX software buffer */
 118:Generated_Source\PSoC4/UART_SPI_UART_INT.c ****                 if (UART_txBufferHead != UART_txBufferTail)
 115              		.loc 1 118 0
 116 007a 224B     		ldr	r3, .L15+44
 117 007c 1A68     		ldr	r2, [r3]
 118 007e 224B     		ldr	r3, .L15+48
 119 0080 1B68     		ldr	r3, [r3]
 120 0082 9A42     		cmp	r2, r3
 121 0084 15D0     		beq	.L9
 119:Generated_Source\PSoC4/UART_SPI_UART_INT.c ****                 {
 120:Generated_Source\PSoC4/UART_SPI_UART_INT.c ****                     /* Move local tail index */
 121:Generated_Source\PSoC4/UART_SPI_UART_INT.c ****                     locTail = (UART_txBufferTail + 1u);
 122              		.loc 1 121 0
 123 0086 204B     		ldr	r3, .L15+48
 124 0088 1B68     		ldr	r3, [r3]
 125 008a 0133     		add	r3, r3, #1
 126 008c 3B60     		str	r3, [r7]
 122:Generated_Source\PSoC4/UART_SPI_UART_INT.c **** 
 123:Generated_Source\PSoC4/UART_SPI_UART_INT.c ****                     /* Adjust local tail index */
 124:Generated_Source\PSoC4/UART_SPI_UART_INT.c ****                     if (UART_TX_BUFFER_SIZE == locTail)
 127              		.loc 1 124 0
 128 008e 3A68     		ldr	r2, [r7]
 129 0090 8023     		mov	r3, #128
 130 0092 1B01     		lsl	r3, r3, #4
 131 0094 9A42     		cmp	r2, r3
 132 0096 01D1     		bne	.L10
 125:Generated_Source\PSoC4/UART_SPI_UART_INT.c ****                     {
 126:Generated_Source\PSoC4/UART_SPI_UART_INT.c ****                         locTail = 0u;
 133              		.loc 1 126 0
 134 0098 0023     		mov	r3, #0
 135 009a 3B60     		str	r3, [r7]
 136              	.L10:
 127:Generated_Source\PSoC4/UART_SPI_UART_INT.c ****                     }
 128:Generated_Source\PSoC4/UART_SPI_UART_INT.c **** 
 129:Generated_Source\PSoC4/UART_SPI_UART_INT.c ****                     /* Put data into TX FIFO */
 130:Generated_Source\PSoC4/UART_SPI_UART_INT.c ****                     UART_TX_FIFO_WR_REG = UART_GetWordFromTxBuffer(locTail);
 137              		.loc 1 130 0
 138 009c 1B4B     		ldr	r3, .L15+52
 139 009e 1C49     		ldr	r1, .L15+56
 140 00a0 3A68     		ldr	r2, [r7]
 141 00a2 8A18     		add	r2, r1, r2
 142 00a4 1278     		ldrb	r2, [r2]
 143 00a6 D2B2     		uxtb	r2, r2
 144 00a8 1A60     		str	r2, [r3]
 131:Generated_Source\PSoC4/UART_SPI_UART_INT.c **** 
 132:Generated_Source\PSoC4/UART_SPI_UART_INT.c ****                     /* Move tail index */
 133:Generated_Source\PSoC4/UART_SPI_UART_INT.c ****                     UART_txBufferTail = locTail;
 145              		.loc 1 133 0
 146 00aa 174B     		ldr	r3, .L15+48
 147 00ac 3A68     		ldr	r2, [r7]
 148 00ae 1A60     		str	r2, [r3]
 149 00b0 06E0     		b	.L14
 150              	.L9:
 134:Generated_Source\PSoC4/UART_SPI_UART_INT.c ****                 }
 135:Generated_Source\PSoC4/UART_SPI_UART_INT.c ****                 else
ARM GAS  C:\Users\Julian\AppData\Local\Temp\ccpe74Cc.s 			page 6


 136:Generated_Source\PSoC4/UART_SPI_UART_INT.c ****                 {
 137:Generated_Source\PSoC4/UART_SPI_UART_INT.c ****                     /* TX software buffer is empty: complete transfer */
 138:Generated_Source\PSoC4/UART_SPI_UART_INT.c ****                     UART_DISABLE_INTR_TX(UART_INTR_TX_NOT_FULL);
 151              		.loc 1 138 0
 152 00b2 184B     		ldr	r3, .L15+60
 153 00b4 174A     		ldr	r2, .L15+60
 154 00b6 1268     		ldr	r2, [r2]
 155 00b8 0221     		mov	r1, #2
 156 00ba 8A43     		bic	r2, r1
 157 00bc 1A60     		str	r2, [r3]
 139:Generated_Source\PSoC4/UART_SPI_UART_INT.c ****                     break;
 158              		.loc 1 139 0
 159 00be 05E0     		b	.L12
 160              	.L14:
 140:Generated_Source\PSoC4/UART_SPI_UART_INT.c ****                 }
 141:Generated_Source\PSoC4/UART_SPI_UART_INT.c ****             }
 142:Generated_Source\PSoC4/UART_SPI_UART_INT.c ****             while (UART_SPI_UART_FIFO_SIZE != UART_GET_TX_FIFO_ENTRIES);
 161              		.loc 1 142 0
 162 00c0 154B     		ldr	r3, .L15+64
 163 00c2 1B68     		ldr	r3, [r3]
 164 00c4 1F22     		mov	r2, #31
 165 00c6 1340     		and	r3, r2
 166 00c8 082B     		cmp	r3, #8
 167 00ca D6D1     		bne	.L13
 168              	.L12:
 143:Generated_Source\PSoC4/UART_SPI_UART_INT.c **** 
 144:Generated_Source\PSoC4/UART_SPI_UART_INT.c ****             UART_ClearTxInterruptSource(UART_INTR_TX_NOT_FULL);
 169              		.loc 1 144 0
 170 00cc 134B     		ldr	r3, .L15+68
 171 00ce 0222     		mov	r2, #2
 172 00d0 1A60     		str	r2, [r3]
 173              	.L1:
 145:Generated_Source\PSoC4/UART_SPI_UART_INT.c ****         }
 146:Generated_Source\PSoC4/UART_SPI_UART_INT.c ****     }
 147:Generated_Source\PSoC4/UART_SPI_UART_INT.c ****     #endif
 148:Generated_Source\PSoC4/UART_SPI_UART_INT.c **** 
 149:Generated_Source\PSoC4/UART_SPI_UART_INT.c **** #ifdef UART_SPI_UART_ISR_EXIT_CALLBACK
 150:Generated_Source\PSoC4/UART_SPI_UART_INT.c ****     UART_SPI_UART_ISR_ExitCallback();
 151:Generated_Source\PSoC4/UART_SPI_UART_INT.c **** #endif /* UART_SPI_UART_ISR_EXIT_CALLBACK */
 152:Generated_Source\PSoC4/UART_SPI_UART_INT.c **** 
 153:Generated_Source\PSoC4/UART_SPI_UART_INT.c **** }
 174              		.loc 1 153 0
 175 00d2 BD46     		mov	sp, r7
 176 00d4 02B0     		add	sp, sp, #8
 177              		@ sp needed
 178 00d6 80BD     		pop	{r7, pc}
 179              	.L16:
 180              		.align	2
 181              	.L15:
 182 00d8 00000000 		.word	UART_customIntrHandler
 183 00dc CC0F2440 		.word	1076105164
 184 00e0 00000000 		.word	UART_rxBufferHead
 185 00e4 01080000 		.word	2049
 186 00e8 00000000 		.word	UART_rxBufferTail
 187 00ec C80F2440 		.word	1076105160
 188 00f0 40032440 		.word	1076101952
 189 00f4 00000000 		.word	UART_rxBufferInternal
ARM GAS  C:\Users\Julian\AppData\Local\Temp\ccpe74Cc.s 			page 7


 190 00f8 08032440 		.word	1076101896
 191 00fc C00F2440 		.word	1076105152
 192 0100 8C0F2440 		.word	1076105100
 193 0104 00000000 		.word	UART_txBufferHead
 194 0108 00000000 		.word	UART_txBufferTail
 195 010c 40022440 		.word	1076101696
 196 0110 00000000 		.word	UART_txBufferInternal
 197 0114 880F2440 		.word	1076105096
 198 0118 08022440 		.word	1076101640
 199 011c 800F2440 		.word	1076105088
 200              		.cfi_endproc
 201              	.LFE2:
 202              		.size	UART_SPI_UART_ISR, .-UART_SPI_UART_ISR
 203              		.text
 204              	.Letext0:
 205              		.file 2 "Generated_Source\\PSoC4/cytypes.h"
 206              		.file 3 "Generated_Source\\PSoC4\\UART_PVT.h"
 207              		.file 4 "Generated_Source\\PSoC4\\UART_SPI_UART_PVT.h"
 208              		.section	.debug_info,"",%progbits
 209              	.Ldebug_info0:
 210 0000 6B010000 		.4byte	0x16b
 211 0004 0400     		.2byte	0x4
 212 0006 00000000 		.4byte	.Ldebug_abbrev0
 213 000a 04       		.byte	0x4
 214 000b 01       		.uleb128 0x1
 215 000c FF000000 		.4byte	.LASF26
 216 0010 01       		.byte	0x1
 217 0011 CD000000 		.4byte	.LASF27
 218 0015 00000000 		.4byte	.LASF28
 219 0019 00000000 		.4byte	.Ldebug_ranges0+0
 220 001d 00000000 		.4byte	0
 221 0021 00000000 		.4byte	.Ldebug_line0
 222 0025 02       		.uleb128 0x2
 223 0026 01       		.byte	0x1
 224 0027 06       		.byte	0x6
 225 0028 4C020000 		.4byte	.LASF0
 226 002c 02       		.uleb128 0x2
 227 002d 01       		.byte	0x1
 228 002e 08       		.byte	0x8
 229 002f 95000000 		.4byte	.LASF1
 230 0033 02       		.uleb128 0x2
 231 0034 02       		.byte	0x2
 232 0035 05       		.byte	0x5
 233 0036 11020000 		.4byte	.LASF2
 234 003a 02       		.uleb128 0x2
 235 003b 02       		.byte	0x2
 236 003c 07       		.byte	0x7
 237 003d 62000000 		.4byte	.LASF3
 238 0041 02       		.uleb128 0x2
 239 0042 04       		.byte	0x4
 240 0043 05       		.byte	0x5
 241 0044 2D020000 		.4byte	.LASF4
 242 0048 02       		.uleb128 0x2
 243 0049 04       		.byte	0x4
 244 004a 07       		.byte	0x7
 245 004b A3000000 		.4byte	.LASF5
 246 004f 02       		.uleb128 0x2
ARM GAS  C:\Users\Julian\AppData\Local\Temp\ccpe74Cc.s 			page 8


 247 0050 08       		.byte	0x8
 248 0051 05       		.byte	0x5
 249 0052 D6010000 		.4byte	.LASF6
 250 0056 02       		.uleb128 0x2
 251 0057 08       		.byte	0x8
 252 0058 07       		.byte	0x7
 253 0059 A1010000 		.4byte	.LASF7
 254 005d 03       		.uleb128 0x3
 255 005e 04       		.byte	0x4
 256 005f 05       		.byte	0x5
 257 0060 696E7400 		.ascii	"int\000"
 258 0064 02       		.uleb128 0x2
 259 0065 04       		.byte	0x4
 260 0066 07       		.byte	0x7
 261 0067 94010000 		.4byte	.LASF8
 262 006b 04       		.uleb128 0x4
 263 006c B5000000 		.4byte	.LASF9
 264 0070 02       		.byte	0x2
 265 0071 B901     		.2byte	0x1b9
 266 0073 2C000000 		.4byte	0x2c
 267 0077 04       		.uleb128 0x4
 268 0078 8D010000 		.4byte	.LASF10
 269 007c 02       		.byte	0x2
 270 007d BB01     		.2byte	0x1bb
 271 007f 48000000 		.4byte	0x48
 272 0083 02       		.uleb128 0x2
 273 0084 04       		.byte	0x4
 274 0085 04       		.byte	0x4
 275 0086 8F000000 		.4byte	.LASF11
 276 008a 02       		.uleb128 0x2
 277 008b 08       		.byte	0x8
 278 008c 04       		.byte	0x4
 279 008d F8000000 		.4byte	.LASF12
 280 0091 02       		.uleb128 0x2
 281 0092 01       		.byte	0x1
 282 0093 08       		.byte	0x8
 283 0094 E4010000 		.4byte	.LASF13
 284 0098 04       		.uleb128 0x4
 285 0099 45000000 		.4byte	.LASF14
 286 009d 02       		.byte	0x2
 287 009e 6502     		.2byte	0x265
 288 00a0 A4000000 		.4byte	0xa4
 289 00a4 05       		.uleb128 0x5
 290 00a5 77000000 		.4byte	0x77
 291 00a9 04       		.uleb128 0x4
 292 00aa B8010000 		.4byte	.LASF15
 293 00ae 02       		.byte	0x2
 294 00af 7502     		.2byte	0x275
 295 00b1 B5000000 		.4byte	0xb5
 296 00b5 06       		.uleb128 0x6
 297 00b6 04       		.byte	0x4
 298 00b7 BB000000 		.4byte	0xbb
 299 00bb 07       		.uleb128 0x7
 300 00bc 02       		.uleb128 0x2
 301 00bd 04       		.byte	0x4
 302 00be 07       		.byte	0x7
 303 00bf CD010000 		.4byte	.LASF16
ARM GAS  C:\Users\Julian\AppData\Local\Temp\ccpe74Cc.s 			page 9


 304 00c3 08       		.uleb128 0x8
 305 00c4 1B020000 		.4byte	.LASF29
 306 00c8 01       		.byte	0x1
 307 00c9 1F       		.byte	0x1f
 308 00ca 00000000 		.4byte	.LFB2
 309 00ce 20010000 		.4byte	.LFE2-.LFB2
 310 00d2 01       		.uleb128 0x1
 311 00d3 9C       		.byte	0x9c
 312 00d4 F5000000 		.4byte	0xf5
 313 00d8 09       		.uleb128 0x9
 314 00d9 87000000 		.4byte	.LASF17
 315 00dd 01       		.byte	0x1
 316 00de 22       		.byte	0x22
 317 00df 77000000 		.4byte	0x77
 318 00e3 02       		.uleb128 0x2
 319 00e4 91       		.byte	0x91
 320 00e5 74       		.sleb128 -12
 321 00e6 09       		.uleb128 0x9
 322 00e7 C5010000 		.4byte	.LASF18
 323 00eb 01       		.byte	0x1
 324 00ec 26       		.byte	0x26
 325 00ed 77000000 		.4byte	0x77
 326 00f1 02       		.uleb128 0x2
 327 00f2 91       		.byte	0x91
 328 00f3 70       		.sleb128 -16
 329 00f4 00       		.byte	0
 330 00f5 0A       		.uleb128 0xa
 331 00f6 4B000000 		.4byte	.LASF19
 332 00fa 03       		.byte	0x3
 333 00fb 3B       		.byte	0x3b
 334 00fc A9000000 		.4byte	0xa9
 335 0100 0A       		.uleb128 0xa
 336 0101 58020000 		.4byte	.LASF20
 337 0105 04       		.byte	0x4
 338 0106 1F       		.byte	0x1f
 339 0107 A4000000 		.4byte	0xa4
 340 010b 0A       		.uleb128 0xa
 341 010c BB000000 		.4byte	.LASF21
 342 0110 04       		.byte	0x4
 343 0111 20       		.byte	0x20
 344 0112 A4000000 		.4byte	0xa4
 345 0116 0A       		.uleb128 0xa
 346 0117 FF010000 		.4byte	.LASF22
 347 011b 04       		.byte	0x4
 348 011c 2F       		.byte	0x2f
 349 011d A4000000 		.4byte	0xa4
 350 0121 0A       		.uleb128 0xa
 351 0122 75000000 		.4byte	.LASF23
 352 0126 04       		.byte	0x4
 353 0127 30       		.byte	0x30
 354 0128 A4000000 		.4byte	0xa4
 355 012c 0B       		.uleb128 0xb
 356 012d 6B000000 		.4byte	0x6b
 357 0131 3D010000 		.4byte	0x13d
 358 0135 0C       		.uleb128 0xc
 359 0136 BC000000 		.4byte	0xbc
 360 013a 0008     		.2byte	0x800
ARM GAS  C:\Users\Julian\AppData\Local\Temp\ccpe74Cc.s 			page 10


 361 013c 00       		.byte	0
 362 013d 0A       		.uleb128 0xa
 363 013e E9010000 		.4byte	.LASF24
 364 0142 04       		.byte	0x4
 365 0143 34       		.byte	0x34
 366 0144 48010000 		.4byte	0x148
 367 0148 05       		.uleb128 0x5
 368 0149 2C010000 		.4byte	0x12c
 369 014d 0B       		.uleb128 0xb
 370 014e 6B000000 		.4byte	0x6b
 371 0152 5E010000 		.4byte	0x15e
 372 0156 0C       		.uleb128 0xc
 373 0157 BC000000 		.4byte	0xbc
 374 015b FF07     		.2byte	0x7ff
 375 015d 00       		.byte	0
 376 015e 0A       		.uleb128 0xa
 377 015f 36020000 		.4byte	.LASF25
 378 0163 04       		.byte	0x4
 379 0164 38       		.byte	0x38
 380 0165 69010000 		.4byte	0x169
 381 0169 05       		.uleb128 0x5
 382 016a 4D010000 		.4byte	0x14d
 383 016e 00       		.byte	0
 384              		.section	.debug_abbrev,"",%progbits
 385              	.Ldebug_abbrev0:
 386 0000 01       		.uleb128 0x1
 387 0001 11       		.uleb128 0x11
 388 0002 01       		.byte	0x1
 389 0003 25       		.uleb128 0x25
 390 0004 0E       		.uleb128 0xe
 391 0005 13       		.uleb128 0x13
 392 0006 0B       		.uleb128 0xb
 393 0007 03       		.uleb128 0x3
 394 0008 0E       		.uleb128 0xe
 395 0009 1B       		.uleb128 0x1b
 396 000a 0E       		.uleb128 0xe
 397 000b 55       		.uleb128 0x55
 398 000c 17       		.uleb128 0x17
 399 000d 11       		.uleb128 0x11
 400 000e 01       		.uleb128 0x1
 401 000f 10       		.uleb128 0x10
 402 0010 17       		.uleb128 0x17
 403 0011 00       		.byte	0
 404 0012 00       		.byte	0
 405 0013 02       		.uleb128 0x2
 406 0014 24       		.uleb128 0x24
 407 0015 00       		.byte	0
 408 0016 0B       		.uleb128 0xb
 409 0017 0B       		.uleb128 0xb
 410 0018 3E       		.uleb128 0x3e
 411 0019 0B       		.uleb128 0xb
 412 001a 03       		.uleb128 0x3
 413 001b 0E       		.uleb128 0xe
 414 001c 00       		.byte	0
 415 001d 00       		.byte	0
 416 001e 03       		.uleb128 0x3
 417 001f 24       		.uleb128 0x24
ARM GAS  C:\Users\Julian\AppData\Local\Temp\ccpe74Cc.s 			page 11


 418 0020 00       		.byte	0
 419 0021 0B       		.uleb128 0xb
 420 0022 0B       		.uleb128 0xb
 421 0023 3E       		.uleb128 0x3e
 422 0024 0B       		.uleb128 0xb
 423 0025 03       		.uleb128 0x3
 424 0026 08       		.uleb128 0x8
 425 0027 00       		.byte	0
 426 0028 00       		.byte	0
 427 0029 04       		.uleb128 0x4
 428 002a 16       		.uleb128 0x16
 429 002b 00       		.byte	0
 430 002c 03       		.uleb128 0x3
 431 002d 0E       		.uleb128 0xe
 432 002e 3A       		.uleb128 0x3a
 433 002f 0B       		.uleb128 0xb
 434 0030 3B       		.uleb128 0x3b
 435 0031 05       		.uleb128 0x5
 436 0032 49       		.uleb128 0x49
 437 0033 13       		.uleb128 0x13
 438 0034 00       		.byte	0
 439 0035 00       		.byte	0
 440 0036 05       		.uleb128 0x5
 441 0037 35       		.uleb128 0x35
 442 0038 00       		.byte	0
 443 0039 49       		.uleb128 0x49
 444 003a 13       		.uleb128 0x13
 445 003b 00       		.byte	0
 446 003c 00       		.byte	0
 447 003d 06       		.uleb128 0x6
 448 003e 0F       		.uleb128 0xf
 449 003f 00       		.byte	0
 450 0040 0B       		.uleb128 0xb
 451 0041 0B       		.uleb128 0xb
 452 0042 49       		.uleb128 0x49
 453 0043 13       		.uleb128 0x13
 454 0044 00       		.byte	0
 455 0045 00       		.byte	0
 456 0046 07       		.uleb128 0x7
 457 0047 15       		.uleb128 0x15
 458 0048 00       		.byte	0
 459 0049 27       		.uleb128 0x27
 460 004a 19       		.uleb128 0x19
 461 004b 00       		.byte	0
 462 004c 00       		.byte	0
 463 004d 08       		.uleb128 0x8
 464 004e 2E       		.uleb128 0x2e
 465 004f 01       		.byte	0x1
 466 0050 3F       		.uleb128 0x3f
 467 0051 19       		.uleb128 0x19
 468 0052 03       		.uleb128 0x3
 469 0053 0E       		.uleb128 0xe
 470 0054 3A       		.uleb128 0x3a
 471 0055 0B       		.uleb128 0xb
 472 0056 3B       		.uleb128 0x3b
 473 0057 0B       		.uleb128 0xb
 474 0058 27       		.uleb128 0x27
ARM GAS  C:\Users\Julian\AppData\Local\Temp\ccpe74Cc.s 			page 12


 475 0059 19       		.uleb128 0x19
 476 005a 11       		.uleb128 0x11
 477 005b 01       		.uleb128 0x1
 478 005c 12       		.uleb128 0x12
 479 005d 06       		.uleb128 0x6
 480 005e 40       		.uleb128 0x40
 481 005f 18       		.uleb128 0x18
 482 0060 9642     		.uleb128 0x2116
 483 0062 19       		.uleb128 0x19
 484 0063 01       		.uleb128 0x1
 485 0064 13       		.uleb128 0x13
 486 0065 00       		.byte	0
 487 0066 00       		.byte	0
 488 0067 09       		.uleb128 0x9
 489 0068 34       		.uleb128 0x34
 490 0069 00       		.byte	0
 491 006a 03       		.uleb128 0x3
 492 006b 0E       		.uleb128 0xe
 493 006c 3A       		.uleb128 0x3a
 494 006d 0B       		.uleb128 0xb
 495 006e 3B       		.uleb128 0x3b
 496 006f 0B       		.uleb128 0xb
 497 0070 49       		.uleb128 0x49
 498 0071 13       		.uleb128 0x13
 499 0072 02       		.uleb128 0x2
 500 0073 18       		.uleb128 0x18
 501 0074 00       		.byte	0
 502 0075 00       		.byte	0
 503 0076 0A       		.uleb128 0xa
 504 0077 34       		.uleb128 0x34
 505 0078 00       		.byte	0
 506 0079 03       		.uleb128 0x3
 507 007a 0E       		.uleb128 0xe
 508 007b 3A       		.uleb128 0x3a
 509 007c 0B       		.uleb128 0xb
 510 007d 3B       		.uleb128 0x3b
 511 007e 0B       		.uleb128 0xb
 512 007f 49       		.uleb128 0x49
 513 0080 13       		.uleb128 0x13
 514 0081 3F       		.uleb128 0x3f
 515 0082 19       		.uleb128 0x19
 516 0083 3C       		.uleb128 0x3c
 517 0084 19       		.uleb128 0x19
 518 0085 00       		.byte	0
 519 0086 00       		.byte	0
 520 0087 0B       		.uleb128 0xb
 521 0088 01       		.uleb128 0x1
 522 0089 01       		.byte	0x1
 523 008a 49       		.uleb128 0x49
 524 008b 13       		.uleb128 0x13
 525 008c 01       		.uleb128 0x1
 526 008d 13       		.uleb128 0x13
 527 008e 00       		.byte	0
 528 008f 00       		.byte	0
 529 0090 0C       		.uleb128 0xc
 530 0091 21       		.uleb128 0x21
 531 0092 00       		.byte	0
ARM GAS  C:\Users\Julian\AppData\Local\Temp\ccpe74Cc.s 			page 13


 532 0093 49       		.uleb128 0x49
 533 0094 13       		.uleb128 0x13
 534 0095 2F       		.uleb128 0x2f
 535 0096 05       		.uleb128 0x5
 536 0097 00       		.byte	0
 537 0098 00       		.byte	0
 538 0099 00       		.byte	0
 539              		.section	.debug_aranges,"",%progbits
 540 0000 1C000000 		.4byte	0x1c
 541 0004 0200     		.2byte	0x2
 542 0006 00000000 		.4byte	.Ldebug_info0
 543 000a 04       		.byte	0x4
 544 000b 00       		.byte	0
 545 000c 0000     		.2byte	0
 546 000e 0000     		.2byte	0
 547 0010 00000000 		.4byte	.LFB2
 548 0014 20010000 		.4byte	.LFE2-.LFB2
 549 0018 00000000 		.4byte	0
 550 001c 00000000 		.4byte	0
 551              		.section	.debug_ranges,"",%progbits
 552              	.Ldebug_ranges0:
 553 0000 00000000 		.4byte	.LFB2
 554 0004 20010000 		.4byte	.LFE2
 555 0008 00000000 		.4byte	0
 556 000c 00000000 		.4byte	0
 557              		.section	.debug_line,"",%progbits
 558              	.Ldebug_line0:
 559 0000 AB000000 		.section	.debug_str,"MS",%progbits,1
 559      02007300 
 559      00000201 
 559      FB0E0D00 
 559      01010101 
 560              	.LASF28:
 561 0000 443A5C77 		.ascii	"D:\\work\\LoRa\\LoraMote1\\UART_to_BLE_central\\UAR"
 561      6F726B5C 
 561      4C6F5261 
 561      5C4C6F72 
 561      614D6F74 
 562 002e 545F746F 		.ascii	"T_to_BLE_central.cydsn\000"
 562      5F424C45 
 562      5F63656E 
 562      7472616C 
 562      2E637964 
 563              	.LASF14:
 564 0045 72656733 		.ascii	"reg32\000"
 564      3200
 565              	.LASF19:
 566 004b 55415254 		.ascii	"UART_customIntrHandler\000"
 566      5F637573 
 566      746F6D49 
 566      6E747248 
 566      616E646C 
 567              	.LASF3:
 568 0062 73686F72 		.ascii	"short unsigned int\000"
 568      7420756E 
 568      7369676E 
 568      65642069 
ARM GAS  C:\Users\Julian\AppData\Local\Temp\ccpe74Cc.s 			page 14


 568      6E7400
 569              	.LASF23:
 570 0075 55415254 		.ascii	"UART_txBufferTail\000"
 570      5F747842 
 570      75666665 
 570      72546169 
 570      6C00
 571              	.LASF17:
 572 0087 6C6F6348 		.ascii	"locHead\000"
 572      65616400 
 573              	.LASF11:
 574 008f 666C6F61 		.ascii	"float\000"
 574      7400
 575              	.LASF1:
 576 0095 756E7369 		.ascii	"unsigned char\000"
 576      676E6564 
 576      20636861 
 576      7200
 577              	.LASF5:
 578 00a3 6C6F6E67 		.ascii	"long unsigned int\000"
 578      20756E73 
 578      69676E65 
 578      6420696E 
 578      7400
 579              	.LASF9:
 580 00b5 75696E74 		.ascii	"uint8\000"
 580      3800
 581              	.LASF21:
 582 00bb 55415254 		.ascii	"UART_rxBufferTail\000"
 582      5F727842 
 582      75666665 
 582      72546169 
 582      6C00
 583              	.LASF27:
 584 00cd 47656E65 		.ascii	"Generated_Source\\PSoC4\\UART_SPI_UART_INT.c\000"
 584      72617465 
 584      645F536F 
 584      75726365 
 584      5C50536F 
 585              	.LASF12:
 586 00f8 646F7562 		.ascii	"double\000"
 586      6C6500
 587              	.LASF26:
 588 00ff 474E5520 		.ascii	"GNU C 4.9.3 20150303 (release) [ARM/embedded-4_9-br"
 588      4320342E 
 588      392E3320 
 588      32303135 
 588      30333033 
 589 0132 616E6368 		.ascii	"anch revision 221220] -mcpu=cortex-m0 -mthumb -g -O"
 589      20726576 
 589      6973696F 
 589      6E203232 
 589      31323230 
 590 0165 30202D66 		.ascii	"0 -ffunction-sections -ffat-lto-objects\000"
 590      66756E63 
 590      74696F6E 
 590      2D736563 
ARM GAS  C:\Users\Julian\AppData\Local\Temp\ccpe74Cc.s 			page 15


 590      74696F6E 
 591              	.LASF10:
 592 018d 75696E74 		.ascii	"uint32\000"
 592      333200
 593              	.LASF8:
 594 0194 756E7369 		.ascii	"unsigned int\000"
 594      676E6564 
 594      20696E74 
 594      00
 595              	.LASF7:
 596 01a1 6C6F6E67 		.ascii	"long long unsigned int\000"
 596      206C6F6E 
 596      6720756E 
 596      7369676E 
 596      65642069 
 597              	.LASF15:
 598 01b8 63796973 		.ascii	"cyisraddress\000"
 598      72616464 
 598      72657373 
 598      00
 599              	.LASF18:
 600 01c5 6C6F6354 		.ascii	"locTail\000"
 600      61696C00 
 601              	.LASF16:
 602 01cd 73697A65 		.ascii	"sizetype\000"
 602      74797065 
 602      00
 603              	.LASF6:
 604 01d6 6C6F6E67 		.ascii	"long long int\000"
 604      206C6F6E 
 604      6720696E 
 604      7400
 605              	.LASF13:
 606 01e4 63686172 		.ascii	"char\000"
 606      00
 607              	.LASF24:
 608 01e9 55415254 		.ascii	"UART_rxBufferInternal\000"
 608      5F727842 
 608      75666665 
 608      72496E74 
 608      65726E61 
 609              	.LASF22:
 610 01ff 55415254 		.ascii	"UART_txBufferHead\000"
 610      5F747842 
 610      75666665 
 610      72486561 
 610      6400
 611              	.LASF2:
 612 0211 73686F72 		.ascii	"short int\000"
 612      7420696E 
 612      7400
 613              	.LASF29:
 614 021b 55415254 		.ascii	"UART_SPI_UART_ISR\000"
 614      5F535049 
 614      5F554152 
 614      545F4953 
 614      5200
ARM GAS  C:\Users\Julian\AppData\Local\Temp\ccpe74Cc.s 			page 16


 615              	.LASF4:
 616 022d 6C6F6E67 		.ascii	"long int\000"
 616      20696E74 
 616      00
 617              	.LASF25:
 618 0236 55415254 		.ascii	"UART_txBufferInternal\000"
 618      5F747842 
 618      75666665 
 618      72496E74 
 618      65726E61 
 619              	.LASF0:
 620 024c 7369676E 		.ascii	"signed char\000"
 620      65642063 
 620      68617200 
 621              	.LASF20:
 622 0258 55415254 		.ascii	"UART_rxBufferHead\000"
 622      5F727842 
 622      75666665 
 622      72486561 
 622      6400
 623              		.ident	"GCC: (GNU Tools for ARM Embedded Processors) 4.9.3 20150303 (release) [ARM/embedded-4_9-br
